{"/Users/luisroberto/Documents/ENROUTE/Proyectos/task-manager-app-front/src/appState/boardMenuState.ts": {"path":"/Users/luisroberto/Documents/ENROUTE/Proyectos/task-manager-app-front/src/appState/boardMenuState.ts","statementMap":{"0":{"start":{"line":1,"column":0},"end":{"line":1,"column":30}},"1":{"start":{"line":3,"column":13},"end":{"line":6,"column":3}}},"fnMap":{},"branchMap":{},"s":{"0":1,"1":1},"f":{},"b":{}}
,"/Users/luisroberto/Documents/ENROUTE/Proyectos/task-manager-app-front/src/appState/boardState.ts": {"path":"/Users/luisroberto/Documents/ENROUTE/Proyectos/task-manager-app-front/src/appState/boardState.ts","statementMap":{"0":{"start":{"line":1,"column":0},"end":{"line":1,"column":30}},"1":{"start":{"line":4,"column":13},"end":{"line":7,"column":3}}},"fnMap":{},"branchMap":{},"s":{"0":8,"1":8},"f":{},"b":{}}
,"/Users/luisroberto/Documents/ENROUTE/Proyectos/task-manager-app-front/src/appState/modalsState.ts": {"path":"/Users/luisroberto/Documents/ENROUTE/Proyectos/task-manager-app-front/src/appState/modalsState.ts","statementMap":{"0":{"start":{"line":1,"column":0},"end":{"line":1,"column":30}},"1":{"start":{"line":17,"column":13},"end":{"line":27,"column":3}}},"fnMap":{},"branchMap":{},"s":{"0":10,"1":10},"f":{},"b":{}}
,"/Users/luisroberto/Documents/ENROUTE/Proyectos/task-manager-app-front/src/appState/selectedBoardIdState.ts": {"path":"/Users/luisroberto/Documents/ENROUTE/Proyectos/task-manager-app-front/src/appState/selectedBoardIdState.ts","statementMap":{"0":{"start":{"line":1,"column":0},"end":{"line":1,"column":30}},"1":{"start":{"line":7,"column":13},"end":{"line":10,"column":3}}},"fnMap":{},"branchMap":{},"s":{"0":1,"1":1},"f":{},"b":{}}
,"/Users/luisroberto/Documents/ENROUTE/Proyectos/task-manager-app-front/src/appState/taskListState.ts": {"path":"/Users/luisroberto/Documents/ENROUTE/Proyectos/task-manager-app-front/src/appState/taskListState.ts","statementMap":{"0":{"start":{"line":1,"column":0},"end":{"line":1,"column":30}},"1":{"start":{"line":4,"column":13},"end":{"line":7,"column":3}}},"fnMap":{},"branchMap":{},"s":{"0":9,"1":9},"f":{},"b":{}}
,"/Users/luisroberto/Documents/ENROUTE/Proyectos/task-manager-app-front/src/components/boardPage/BoardHeader/BoardHeader.tsx": {"path":"/Users/luisroberto/Documents/ENROUTE/Proyectos/task-manager-app-front/src/components/boardPage/BoardHeader/BoardHeader.tsx","statementMap":{"0":{"start":{"line":2,"column":0},"end":{"line":2,"column":28}},"1":{"start":{"line":3,"column":0},"end":{"line":3,"column":64}},"2":{"start":{"line":4,"column":0},"end":{"line":4,"column":58}},"3":{"start":{"line":5,"column":0},"end":{"line":5,"column":40}},"4":{"start":{"line":6,"column":0},"end":{"line":6,"column":61}},"5":{"start":{"line":14,"column":44},"end":{"line":58,"column":1}},"6":{"start":{"line":19,"column":45},"end":{"line":19,"column":60}},"7":{"start":{"line":22,"column":4},"end":{"line":22,"column":41}},"8":{"start":{"line":25,"column":2},"end":{"line":57,"column":4}},"9":{"start":{"line":60,"column":0},"end":{"line":60,"column":27}}},"fnMap":{"0":{"name":"(anonymous_0)","decl":{"start":{"line":14,"column":44},"end":{"line":14,"column":45}},"loc":{"start":{"line":18,"column":5},"end":{"line":58,"column":1}}},"1":{"name":"handleBoardOptionBtnClick","decl":{"start":{"line":21,"column":11},"end":{"line":21,"column":36}},"loc":{"start":{"line":21,"column":36},"end":{"line":23,"column":3}}}},"branchMap":{},"s":{"0":1,"1":1,"2":1,"3":1,"4":1,"5":1,"6":1,"7":0,"8":1,"9":1},"f":{"0":1,"1":0},"b":{}}
,"/Users/luisroberto/Documents/ENROUTE/Proyectos/task-manager-app-front/src/components/boardPage/BoardHeader/BoardHeaderMenuBtn.tsx": {"path":"/Users/luisroberto/Documents/ENROUTE/Proyectos/task-manager-app-front/src/components/boardPage/BoardHeader/BoardHeaderMenuBtn.tsx","statementMap":{"0":{"start":{"line":2,"column":0},"end":{"line":2,"column":49}},"1":{"start":{"line":3,"column":0},"end":{"line":3,"column":40}},"2":{"start":{"line":4,"column":0},"end":{"line":4,"column":76}},"3":{"start":{"line":6,"column":34},"end":{"line":21,"column":1}},"4":{"start":{"line":7,"column":33},"end":{"line":7,"column":73}},"5":{"start":{"line":8,"column":19},"end":{"line":8,"column":21}},"6":{"start":{"line":11,"column":4},"end":{"line":11,"column":29}},"7":{"start":{"line":14,"column":2},"end":{"line":20,"column":4}},"8":{"start":{"line":6,"column":13},"end":{"line":6,"column":34}}},"fnMap":{"0":{"name":"(anonymous_0)","decl":{"start":{"line":6,"column":34},"end":{"line":6,"column":37}},"loc":{"start":{"line":6,"column":39},"end":{"line":21,"column":1}}},"1":{"name":"handleClick","decl":{"start":{"line":10,"column":11},"end":{"line":10,"column":22}},"loc":{"start":{"line":10,"column":22},"end":{"line":12,"column":3}}}},"branchMap":{},"s":{"0":1,"1":1,"2":1,"3":1,"4":1,"5":1,"6":0,"7":1,"8":1},"f":{"0":1,"1":0},"b":{}}
,"/Users/luisroberto/Documents/ENROUTE/Proyectos/task-manager-app-front/src/components/boardPage/BoardHeader/BoardVisibilityOption.tsx": {"path":"/Users/luisroberto/Documents/ENROUTE/Proyectos/task-manager-app-front/src/components/boardPage/BoardHeader/BoardVisibilityOption.tsx","statementMap":{"0":{"start":{"line":2,"column":0},"end":{"line":2,"column":63}},"1":{"start":{"line":3,"column":0},"end":{"line":3,"column":61}},"2":{"start":{"line":9,"column":70},"end":{"line":37,"column":1}},"3":{"start":{"line":12,"column":19},"end":{"line":12,"column":21}},"4":{"start":{"line":13,"column":22},"end":{"line":13,"column":53}},"5":{"start":{"line":14,"column":43},"end":{"line":14,"column":58}},"6":{"start":{"line":15,"column":15},"end":{"line":18,"column":null}},"7":{"start":{"line":22,"column":4},"end":{"line":22,"column":44}},"8":{"start":{"line":25,"column":2},"end":{"line":36,"column":4}},"9":{"start":{"line":9,"column":13},"end":{"line":9,"column":70}}},"fnMap":{"0":{"name":"(anonymous_0)","decl":{"start":{"line":9,"column":70},"end":{"line":9,"column":71}},"loc":{"start":{"line":11,"column":5},"end":{"line":37,"column":1}}},"1":{"name":"handleClick","decl":{"start":{"line":21,"column":11},"end":{"line":21,"column":22}},"loc":{"start":{"line":21,"column":22},"end":{"line":23,"column":3}}}},"branchMap":{"0":{"loc":{"start":{"line":13,"column":22},"end":{"line":13,"column":53}},"type":"cond-expr","locations":[{"start":{"line":13,"column":32},"end":{"line":13,"column":41}},{"start":{"line":13,"column":44},"end":{"line":13,"column":53}}]},"1":{"loc":{"start":{"line":15,"column":15},"end":{"line":18,"column":null}},"type":"cond-expr","locations":[{"start":{"line":16,"column":4},"end":{"line":16,"column":36}},{"start":{"line":18,"column":4},"end":{"line":18,"column":39}}]}},"s":{"0":2,"1":2,"2":2,"3":5,"4":5,"5":5,"6":5,"7":2,"8":5,"9":2},"f":{"0":5,"1":2},"b":{"0":[3,2],"1":[3,2]}}
,"/Users/luisroberto/Documents/ENROUTE/Proyectos/task-manager-app-front/src/components/boardPage/CreateTaskListModal/CreateTaskListModal.tsx": {"path":"/Users/luisroberto/Documents/ENROUTE/Proyectos/task-manager-app-front/src/components/boardPage/CreateTaskListModal/CreateTaskListModal.tsx","statementMap":{"0":{"start":{"line":1,"column":0},"end":{"line":1,"column":40}},"1":{"start":{"line":2,"column":0},"end":{"line":2,"column":38}},"2":{"start":{"line":3,"column":0},"end":{"line":3,"column":36}},"3":{"start":{"line":4,"column":0},"end":{"line":4,"column":49}},"4":{"start":{"line":5,"column":0},"end":{"line":5,"column":61}},"5":{"start":{"line":6,"column":0},"end":{"line":6,"column":67}},"6":{"start":{"line":14,"column":35},"end":{"line":122,"column":1}},"7":{"start":{"line":15,"column":38},"end":{"line":19,"column":4}},"8":{"start":{"line":20,"column":30},"end":{"line":20,"column":48}},"9":{"start":{"line":23,"column":4},"end":{"line":23,"column":19}},"10":{"start":{"line":26,"column":4},"end":{"line":26,"column":47}},"11":{"start":{"line":30,"column":4},"end":{"line":36,"column":null}},"12":{"start":{"line":31,"column":6},"end":{"line":31,"column":25}},"13":{"start":{"line":32,"column":6},"end":{"line":32,"column":73}},"14":{"start":{"line":33,"column":6},"end":{"line":33,"column":49}},"15":{"start":{"line":35,"column":6},"end":{"line":35,"column":45}},"16":{"start":{"line":40,"column":4},"end":{"line":40,"column":60}},"17":{"start":{"line":43,"column":2},"end":{"line":121,"column":4}},"18":{"start":{"line":72,"column":26},"end":{"line":72,"column":67}},"19":{"start":{"line":85,"column":26},"end":{"line":85,"column":71}},"20":{"start":{"line":98,"column":26},"end":{"line":98,"column":68}},"21":{"start":{"line":14,"column":13},"end":{"line":14,"column":35}}},"fnMap":{"0":{"name":"(anonymous_0)","decl":{"start":{"line":14,"column":35},"end":{"line":14,"column":38}},"loc":{"start":{"line":14,"column":40},"end":{"line":122,"column":1}}},"1":{"name":"handleModalClose","decl":{"start":{"line":25,"column":11},"end":{"line":25,"column":27}},"loc":{"start":{"line":25,"column":27},"end":{"line":27,"column":3}}},"2":{"name":"handleCreateSubmition","decl":{"start":{"line":29,"column":11},"end":{"line":29,"column":32}},"loc":{"start":{"line":29,"column":51},"end":{"line":37,"column":3}}},"3":{"name":"handleInputChange","decl":{"start":{"line":39,"column":11},"end":{"line":39,"column":28}},"loc":{"start":{"line":39,"column":64},"end":{"line":41,"column":3}}},"4":{"name":"(anonymous_4)","decl":{"start":{"line":71,"column":34},"end":{"line":71,"column":35}},"loc":{"start":{"line":72,"column":26},"end":{"line":72,"column":67}}},"5":{"name":"(anonymous_5)","decl":{"start":{"line":84,"column":34},"end":{"line":84,"column":35}},"loc":{"start":{"line":85,"column":26},"end":{"line":85,"column":71}}},"6":{"name":"(anonymous_6)","decl":{"start":{"line":97,"column":34},"end":{"line":97,"column":35}},"loc":{"start":{"line":98,"column":26},"end":{"line":98,"column":68}}}},"branchMap":{},"s":{"0":1,"1":1,"2":1,"3":1,"4":1,"5":1,"6":1,"7":7,"8":7,"9":7,"10":0,"11":1,"12":1,"13":1,"14":1,"15":0,"16":1,"17":7,"18":1,"19":0,"20":0,"21":1},"f":{"0":7,"1":0,"2":1,"3":1,"4":1,"5":0,"6":0},"b":{}}
,"/Users/luisroberto/Documents/ENROUTE/Proyectos/task-manager-app-front/src/components/boardPage/CreateTaskModal/CreateTaskModal.tsx": {"path":"/Users/luisroberto/Documents/ENROUTE/Proyectos/task-manager-app-front/src/components/boardPage/CreateTaskModal/CreateTaskModal.tsx","statementMap":{"0":{"start":{"line":1,"column":0},"end":{"line":1,"column":51}},"1":{"start":{"line":2,"column":0},"end":{"line":2,"column":38}},"2":{"start":{"line":3,"column":0},"end":{"line":3,"column":31}},"3":{"start":{"line":4,"column":0},"end":{"line":4,"column":49}},"4":{"start":{"line":5,"column":0},"end":{"line":5,"column":61}},"5":{"start":{"line":6,"column":0},"end":{"line":6,"column":67}},"6":{"start":{"line":7,"column":0},"end":{"line":7,"column":59}},"7":{"start":{"line":16,"column":31},"end":{"line":168,"column":1}},"8":{"start":{"line":17,"column":64},"end":{"line":17,"column":79}},"9":{"start":{"line":18,"column":24},"end":{"line":18,"column":42}},"10":{"start":{"line":19,"column":25},"end":{"line":19,"column":39}},"11":{"start":{"line":20,"column":34},"end":{"line":25,"column":4}},"12":{"start":{"line":28,"column":4},"end":{"line":33,"column":7}},"13":{"start":{"line":37,"column":4},"end":{"line":37,"column":43}},"14":{"start":{"line":41,"column":4},"end":{"line":41,"column":53}},"15":{"start":{"line":45,"column":4},"end":{"line":57,"column":null}},"16":{"start":{"line":46,"column":6},"end":{"line":46,"column":25}},"17":{"start":{"line":47,"column":6},"end":{"line":52,"column":8}},"18":{"start":{"line":53,"column":6},"end":{"line":53,"column":22}},"19":{"start":{"line":54,"column":6},"end":{"line":54,"column":45}},"20":{"start":{"line":56,"column":6},"end":{"line":56,"column":45}},"21":{"start":{"line":60,"column":2},"end":{"line":64,"column":18}},"22":{"start":{"line":61,"column":4},"end":{"line":63,"column":null}},"23":{"start":{"line":62,"column":6},"end":{"line":62,"column":64}},"24":{"start":{"line":66,"column":2},"end":{"line":167,"column":4}},"25":{"start":{"line":93,"column":28},"end":{"line":93,"column":70}},"26":{"start":{"line":107,"column":28},"end":{"line":107,"column":76}},"27":{"start":{"line":111,"column":28},"end":{"line":111,"column":54}},"28":{"start":{"line":128,"column":28},"end":{"line":128,"column":71}},"29":{"start":{"line":143,"column":28},"end":{"line":143,"column":76}},"30":{"start":{"line":16,"column":13},"end":{"line":16,"column":31}}},"fnMap":{"0":{"name":"(anonymous_0)","decl":{"start":{"line":16,"column":31},"end":{"line":16,"column":34}},"loc":{"start":{"line":16,"column":36},"end":{"line":168,"column":1}}},"1":{"name":"resetFormData","decl":{"start":{"line":27,"column":11},"end":{"line":27,"column":24}},"loc":{"start":{"line":27,"column":24},"end":{"line":34,"column":3}}},"2":{"name":"handleModalClose","decl":{"start":{"line":36,"column":11},"end":{"line":36,"column":27}},"loc":{"start":{"line":36,"column":27},"end":{"line":38,"column":3}}},"3":{"name":"handleInputChange","decl":{"start":{"line":40,"column":11},"end":{"line":40,"column":28}},"loc":{"start":{"line":40,"column":61},"end":{"line":42,"column":3}}},"4":{"name":"handleCreateSubmition","decl":{"start":{"line":44,"column":17},"end":{"line":44,"column":38}},"loc":{"start":{"line":44,"column":57},"end":{"line":58,"column":3}}},"5":{"name":"(anonymous_5)","decl":{"start":{"line":60,"column":12},"end":{"line":60,"column":15}},"loc":{"start":{"line":60,"column":17},"end":{"line":64,"column":3}}},"6":{"name":"(anonymous_6)","decl":{"start":{"line":92,"column":36},"end":{"line":92,"column":37}},"loc":{"start":{"line":93,"column":28},"end":{"line":93,"column":70}}},"7":{"name":"(anonymous_7)","decl":{"start":{"line":106,"column":36},"end":{"line":106,"column":37}},"loc":{"start":{"line":106,"column":42},"end":{"line":108,"column":27}}},"8":{"name":"(anonymous_8)","decl":{"start":{"line":110,"column":41},"end":{"line":110,"column":42}},"loc":{"start":{"line":111,"column":28},"end":{"line":111,"column":54}}},"9":{"name":"(anonymous_9)","decl":{"start":{"line":127,"column":36},"end":{"line":127,"column":37}},"loc":{"start":{"line":128,"column":28},"end":{"line":128,"column":71}}},"10":{"name":"(anonymous_10)","decl":{"start":{"line":142,"column":36},"end":{"line":142,"column":37}},"loc":{"start":{"line":143,"column":28},"end":{"line":143,"column":76}}}},"branchMap":{"0":{"loc":{"start":{"line":61,"column":4},"end":{"line":63,"column":null}},"type":"if","locations":[{"start":{"line":61,"column":4},"end":{"line":63,"column":null}}]}},"s":{"0":1,"1":1,"2":1,"3":1,"4":1,"5":1,"6":1,"7":1,"8":13,"9":13,"10":13,"11":13,"12":1,"13":0,"14":1,"15":1,"16":1,"17":1,"18":1,"19":1,"20":0,"21":13,"22":5,"23":3,"24":13,"25":1,"26":0,"27":11,"28":0,"29":0,"30":1},"f":{"0":13,"1":1,"2":0,"3":1,"4":1,"5":5,"6":1,"7":0,"8":11,"9":0,"10":0},"b":{"0":[3]}}
,"/Users/luisroberto/Documents/ENROUTE/Proyectos/task-manager-app-front/src/components/boardPage/TaskCard.tsx/TaskCard.tsx": {"path":"/Users/luisroberto/Documents/ENROUTE/Proyectos/task-manager-app-front/src/components/boardPage/TaskCard.tsx/TaskCard.tsx","statementMap":{"0":{"start":{"line":2,"column":0},"end":{"line":2,"column":25}},"1":{"start":{"line":4,"column":0},"end":{"line":4,"column":66}},"2":{"start":{"line":5,"column":0},"end":{"line":5,"column":61}},"3":{"start":{"line":6,"column":0},"end":{"line":6,"column":45}},"4":{"start":{"line":7,"column":0},"end":{"line":7,"column":67}},"5":{"start":{"line":8,"column":0},"end":{"line":8,"column":59}},"6":{"start":{"line":10,"column":41},"end":{"line":99,"column":1}},"7":{"start":{"line":21,"column":32},"end":{"line":21,"column":47}},"8":{"start":{"line":22,"column":51},"end":{"line":22,"column":65}},"9":{"start":{"line":23,"column":33},"end":{"line":45,"column":null}},"10":{"start":{"line":24,"column":11},"end":{"line":44,"column":6}},"11":{"start":{"line":27,"column":29},"end":{"line":29,"column":8}},"12":{"start":{"line":31,"column":8},"end":{"line":42,"column":null}},"13":{"start":{"line":32,"column":29},"end":{"line":32,"column":59}},"14":{"start":{"line":33,"column":10},"end":{"line":39,"column":null}},"15":{"start":{"line":34,"column":12},"end":{"line":38,"column":null}},"16":{"start":{"line":35,"column":14},"end":{"line":35,"column":66}},"17":{"start":{"line":36,"column":19},"end":{"line":38,"column":null}},"18":{"start":{"line":37,"column":14},"end":{"line":37,"column":63}},"19":{"start":{"line":41,"column":10},"end":{"line":41,"column":55}},"20":{"start":{"line":47,"column":19},"end":{"line":58,"column":null}},"21":{"start":{"line":48,"column":11},"end":{"line":57,"column":6}},"22":{"start":{"line":51,"column":8},"end":{"line":51,"column":55}},"23":{"start":{"line":53,"column":29},"end":{"line":56,"column":8}},"24":{"start":{"line":62,"column":4},"end":{"line":72,"column":7}},"25":{"start":{"line":75,"column":2},"end":{"line":98,"column":4}},"26":{"start":{"line":10,"column":13},"end":{"line":10,"column":41}}},"fnMap":{"0":{"name":"(anonymous_0)","decl":{"start":{"line":10,"column":41},"end":{"line":10,"column":42}},"loc":{"start":{"line":20,"column":5},"end":{"line":99,"column":1}}},"1":{"name":"(anonymous_1)","decl":{"start":{"line":24,"column":4},"end":{"line":24,"column":7}},"loc":{"start":{"line":24,"column":11},"end":{"line":44,"column":6}}},"2":{"name":"(anonymous_2)","decl":{"start":{"line":27,"column":15},"end":{"line":27,"column":16}},"loc":{"start":{"line":27,"column":29},"end":{"line":29,"column":8}}},"3":{"name":"(anonymous_3)","decl":{"start":{"line":30,"column":11},"end":{"line":30,"column":16}},"loc":{"start":{"line":30,"column":35},"end":{"line":43,"column":7}}},"4":{"name":"(anonymous_4)","decl":{"start":{"line":48,"column":4},"end":{"line":48,"column":7}},"loc":{"start":{"line":48,"column":11},"end":{"line":57,"column":6}}},"5":{"name":"(anonymous_5)","decl":{"start":{"line":50,"column":12},"end":{"line":50,"column":15}},"loc":{"start":{"line":50,"column":17},"end":{"line":52,"column":7}}},"6":{"name":"(anonymous_6)","decl":{"start":{"line":53,"column":15},"end":{"line":53,"column":16}},"loc":{"start":{"line":53,"column":29},"end":{"line":56,"column":8}}},"7":{"name":"handleTaskClick","decl":{"start":{"line":61,"column":11},"end":{"line":61,"column":26}},"loc":{"start":{"line":61,"column":26},"end":{"line":73,"column":3}}}},"branchMap":{"0":{"loc":{"start":{"line":28,"column":17},"end":{"line":28,"column":47}},"type":"cond-expr","locations":[{"start":{"line":28,"column":40},"end":{"line":28,"column":43}},{"start":{"line":28,"column":46},"end":{"line":28,"column":47}}]},"1":{"loc":{"start":{"line":33,"column":10},"end":{"line":39,"column":null}},"type":"if","locations":[{"start":{"line":33,"column":10},"end":{"line":39,"column":null}}]},"2":{"loc":{"start":{"line":33,"column":14},"end":{"line":33,"column":32}},"type":"binary-expr","locations":[{"start":{"line":33,"column":14},"end":{"line":33,"column":18}},{"start":{"line":33,"column":22},"end":{"line":33,"column":32}}]},"3":{"loc":{"start":{"line":34,"column":12},"end":{"line":38,"column":null}},"type":"if","locations":[{"start":{"line":34,"column":12},"end":{"line":38,"column":null}},{"start":{"line":36,"column":19},"end":{"line":38,"column":null}}]},"4":{"loc":{"start":{"line":36,"column":19},"end":{"line":38,"column":null}},"type":"if","locations":[{"start":{"line":36,"column":19},"end":{"line":38,"column":null}}]}},"s":{"0":9,"1":9,"2":9,"3":9,"4":9,"5":9,"6":9,"7":25,"8":25,"9":25,"10":0,"11":0,"12":0,"13":0,"14":0,"15":0,"16":0,"17":0,"18":0,"19":0,"20":25,"21":0,"22":0,"23":0,"24":6,"25":25,"26":9},"f":{"0":25,"1":0,"2":0,"3":0,"4":0,"5":0,"6":0,"7":6},"b":{"0":[0,0],"1":[0],"2":[0,0],"3":[0,0],"4":[0]}}
,"/Users/luisroberto/Documents/ENROUTE/Proyectos/task-manager-app-front/src/components/boardPage/TaskCardStatus/TaskCardStatus.tsx": {"path":"/Users/luisroberto/Documents/ENROUTE/Proyectos/task-manager-app-front/src/components/boardPage/TaskCardStatus/TaskCardStatus.tsx","statementMap":{"0":{"start":{"line":7,"column":56},"end":{"line":17,"column":1}},"1":{"start":{"line":8,"column":22},"end":{"line":8,"column":60}},"2":{"start":{"line":9,"column":26},"end":{"line":9,"column":67}},"3":{"start":{"line":10,"column":2},"end":{"line":16,"column":4}},"4":{"start":{"line":7,"column":13},"end":{"line":7,"column":56}}},"fnMap":{"0":{"name":"(anonymous_0)","decl":{"start":{"line":7,"column":56},"end":{"line":7,"column":57}},"loc":{"start":{"line":7,"column":74},"end":{"line":17,"column":1}}}},"branchMap":{"0":{"loc":{"start":{"line":8,"column":22},"end":{"line":8,"column":60}},"type":"cond-expr","locations":[{"start":{"line":8,"column":34},"end":{"line":8,"column":45}},{"start":{"line":8,"column":48},"end":{"line":8,"column":60}}]},"1":{"loc":{"start":{"line":9,"column":26},"end":{"line":9,"column":67}},"type":"cond-expr","locations":[{"start":{"line":9,"column":38},"end":{"line":9,"column":50}},{"start":{"line":9,"column":53},"end":{"line":9,"column":67}}]}},"s":{"0":9,"1":42,"2":42,"3":42,"4":9},"f":{"0":42},"b":{"0":[8,34],"1":[8,34]}}
,"/Users/luisroberto/Documents/ENROUTE/Proyectos/task-manager-app-front/src/components/boardPage/TaskList/EmptyTaskListCard.tsx": {"path":"/Users/luisroberto/Documents/ENROUTE/Proyectos/task-manager-app-front/src/components/boardPage/TaskList/EmptyTaskListCard.tsx","statementMap":{"0":{"start":{"line":2,"column":0},"end":{"line":2,"column":34}},"1":{"start":{"line":4,"column":43},"end":{"line":12,"column":1}},"2":{"start":{"line":5,"column":2},"end":{"line":11,"column":4}},"3":{"start":{"line":4,"column":13},"end":{"line":4,"column":43}}},"fnMap":{"0":{"name":"(anonymous_0)","decl":{"start":{"line":4,"column":43},"end":{"line":4,"column":46}},"loc":{"start":{"line":4,"column":48},"end":{"line":12,"column":1}}}},"branchMap":{},"s":{"0":8,"1":8,"2":30,"3":8},"f":{"0":30},"b":{}}
,"/Users/luisroberto/Documents/ENROUTE/Proyectos/task-manager-app-front/src/components/boardPage/TaskList/TaskDraggableIcon.tsx": {"path":"/Users/luisroberto/Documents/ENROUTE/Proyectos/task-manager-app-front/src/components/boardPage/TaskList/TaskDraggableIcon.tsx","statementMap":{"0":{"start":{"line":2,"column":0},"end":{"line":2,"column":36}},"1":{"start":{"line":3,"column":0},"end":{"line":3,"column":67}},"2":{"start":{"line":4,"column":0},"end":{"line":4,"column":48}},"3":{"start":{"line":5,"column":0},"end":{"line":5,"column":34}},"4":{"start":{"line":6,"column":0},"end":{"line":6,"column":67}},"5":{"start":{"line":12,"column":62},"end":{"line":44,"column":1}},"6":{"start":{"line":13,"column":46},"end":{"line":13,"column":64}},"7":{"start":{"line":14,"column":33},"end":{"line":32,"column":null}},"8":{"start":{"line":15,"column":11},"end":{"line":31,"column":6}},"9":{"start":{"line":18,"column":29},"end":{"line":20,"column":8}},"10":{"start":{"line":22,"column":8},"end":{"line":29,"column":null}},"11":{"start":{"line":23,"column":29},"end":{"line":23,"column":59}},"12":{"start":{"line":24,"column":10},"end":{"line":26,"column":null}},"13":{"start":{"line":25,"column":12},"end":{"line":25,"column":71}},"14":{"start":{"line":28,"column":10},"end":{"line":28,"column":55}},"15":{"start":{"line":35,"column":2},"end":{"line":43,"column":4}},"16":{"start":{"line":12,"column":13},"end":{"line":12,"column":62}}},"fnMap":{"0":{"name":"(anonymous_0)","decl":{"start":{"line":12,"column":62},"end":{"line":12,"column":63}},"loc":{"start":{"line":12,"column":77},"end":{"line":44,"column":1}}},"1":{"name":"(anonymous_1)","decl":{"start":{"line":15,"column":4},"end":{"line":15,"column":7}},"loc":{"start":{"line":15,"column":11},"end":{"line":31,"column":6}}},"2":{"name":"(anonymous_2)","decl":{"start":{"line":18,"column":15},"end":{"line":18,"column":16}},"loc":{"start":{"line":18,"column":29},"end":{"line":20,"column":8}}},"3":{"name":"(anonymous_3)","decl":{"start":{"line":21,"column":11},"end":{"line":21,"column":16}},"loc":{"start":{"line":21,"column":35},"end":{"line":30,"column":7}}}},"branchMap":{"0":{"loc":{"start":{"line":19,"column":17},"end":{"line":19,"column":47}},"type":"cond-expr","locations":[{"start":{"line":19,"column":40},"end":{"line":19,"column":43}},{"start":{"line":19,"column":46},"end":{"line":19,"column":47}}]},"1":{"loc":{"start":{"line":24,"column":10},"end":{"line":26,"column":null}},"type":"if","locations":[{"start":{"line":24,"column":10},"end":{"line":26,"column":null}}]},"2":{"loc":{"start":{"line":24,"column":14},"end":{"line":24,"column":32}},"type":"binary-expr","locations":[{"start":{"line":24,"column":14},"end":{"line":24,"column":18}},{"start":{"line":24,"column":22},"end":{"line":24,"column":32}}]}},"s":{"0":8,"1":8,"2":8,"3":8,"4":8,"5":8,"6":48,"7":48,"8":0,"9":0,"10":0,"11":0,"12":0,"13":0,"14":0,"15":48,"16":8},"f":{"0":48,"1":0,"2":0,"3":0},"b":{"0":[0,0],"1":[0],"2":[0,0]}}
,"/Users/luisroberto/Documents/ENROUTE/Proyectos/task-manager-app-front/src/components/boardPage/TaskList/TaskList.tsx": {"path":"/Users/luisroberto/Documents/ENROUTE/Proyectos/task-manager-app-front/src/components/boardPage/TaskList/TaskList.tsx","statementMap":{"0":{"start":{"line":2,"column":0},"end":{"line":2,"column":25}},"1":{"start":{"line":4,"column":0},"end":{"line":4,"column":56}},"2":{"start":{"line":5,"column":0},"end":{"line":5,"column":52}},"3":{"start":{"line":6,"column":0},"end":{"line":6,"column":36}},"4":{"start":{"line":7,"column":0},"end":{"line":7,"column":67}},"5":{"start":{"line":8,"column":0},"end":{"line":8,"column":56}},"6":{"start":{"line":15,"column":45},"end":{"line":75,"column":1}},"7":{"start":{"line":16,"column":55},"end":{"line":16,"column":63}},"8":{"start":{"line":17,"column":25},"end":{"line":20,"column":4}},"9":{"start":{"line":21,"column":38},"end":{"line":30,"column":5}},"10":{"start":{"line":21,"column":53},"end":{"line":30,"column":4}},"11":{"start":{"line":24,"column":6},"end":{"line":24,"column":53}},"12":{"start":{"line":26,"column":27},"end":{"line":29,"column":6}},"13":{"start":{"line":32,"column":2},"end":{"line":36,"column":null}},"14":{"start":{"line":33,"column":4},"end":{"line":33,"column":65}},"15":{"start":{"line":34,"column":9},"end":{"line":36,"column":null}},"16":{"start":{"line":35,"column":4},"end":{"line":35,"column":65}},"17":{"start":{"line":38,"column":2},"end":{"line":74,"column":4}},"18":{"start":{"line":45,"column":12},"end":{"line":45,"column":30}},"19":{"start":{"line":69,"column":14},"end":{"line":69,"column":58}},"20":{"start":{"line":15,"column":13},"end":{"line":15,"column":45}}},"fnMap":{"0":{"name":"(anonymous_0)","decl":{"start":{"line":15,"column":45},"end":{"line":15,"column":46}},"loc":{"start":{"line":15,"column":71},"end":{"line":75,"column":1}}},"1":{"name":"(anonymous_1)","decl":{"start":{"line":21,"column":46},"end":{"line":21,"column":49}},"loc":{"start":{"line":21,"column":53},"end":{"line":30,"column":4}}},"2":{"name":"(anonymous_2)","decl":{"start":{"line":23,"column":10},"end":{"line":23,"column":13}},"loc":{"start":{"line":23,"column":15},"end":{"line":25,"column":5}}},"3":{"name":"(anonymous_3)","decl":{"start":{"line":26,"column":13},"end":{"line":26,"column":14}},"loc":{"start":{"line":26,"column":27},"end":{"line":29,"column":6}}},"4":{"name":"(anonymous_4)","decl":{"start":{"line":44,"column":19},"end":{"line":44,"column":22}},"loc":{"start":{"line":44,"column":24},"end":{"line":46,"column":11}}},"5":{"name":"(anonymous_5)","decl":{"start":{"line":68,"column":22},"end":{"line":68,"column":23}},"loc":{"start":{"line":68,"column":31},"end":{"line":70,"column":13}}}},"branchMap":{"0":{"loc":{"start":{"line":32,"column":2},"end":{"line":36,"column":null}},"type":"if","locations":[{"start":{"line":32,"column":2},"end":{"line":36,"column":null}},{"start":{"line":34,"column":9},"end":{"line":36,"column":null}}]},"1":{"loc":{"start":{"line":32,"column":6},"end":{"line":32,"column":24}},"type":"binary-expr","locations":[{"start":{"line":32,"column":6},"end":{"line":32,"column":13}},{"start":{"line":32,"column":17},"end":{"line":32,"column":24}}]},"2":{"loc":{"start":{"line":34,"column":9},"end":{"line":36,"column":null}},"type":"if","locations":[{"start":{"line":34,"column":9},"end":{"line":36,"column":null}}]},"3":{"loc":{"start":{"line":66,"column":11},"end":{"line":66,"column":53}},"type":"binary-expr","locations":[{"start":{"line":66,"column":11},"end":{"line":66,"column":28}},{"start":{"line":66,"column":32},"end":{"line":66,"column":53}}]},"4":{"loc":{"start":{"line":67,"column":11},"end":{"line":70,"column":14}},"type":"binary-expr","locations":[{"start":{"line":67,"column":11},"end":{"line":67,"column":28}},{"start":{"line":68,"column":12},"end":{"line":70,"column":14}}]}},"s":{"0":8,"1":8,"2":8,"3":8,"4":8,"5":8,"6":8,"7":48,"8":48,"9":48,"10":0,"11":0,"12":0,"13":48,"14":0,"15":48,"16":0,"17":48,"18":4,"19":22,"20":8},"f":{"0":48,"1":0,"2":0,"3":0,"4":4,"5":22},"b":{"0":[0,48],"1":[48,0],"2":[0],"3":[48,30],"4":[48,18]}}
,"/Users/luisroberto/Documents/ENROUTE/Proyectos/task-manager-app-front/src/components/boardPage/TaskListContainer/TaskListContainer.tsx": {"path":"/Users/luisroberto/Documents/ENROUTE/Proyectos/task-manager-app-front/src/components/boardPage/TaskListContainer/TaskListContainer.tsx","statementMap":{"0":{"start":{"line":1,"column":0},"end":{"line":1,"column":40}},"1":{"start":{"line":2,"column":0},"end":{"line":2,"column":38}},"2":{"start":{"line":3,"column":0},"end":{"line":3,"column":34}},"3":{"start":{"line":4,"column":0},"end":{"line":4,"column":60}},"4":{"start":{"line":5,"column":0},"end":{"line":5,"column":63}},"5":{"start":{"line":6,"column":0},"end":{"line":6,"column":67}},"6":{"start":{"line":8,"column":0},"end":{"line":8,"column":61}},"7":{"start":{"line":10,"column":43},"end":{"line":42,"column":1}},"8":{"start":{"line":11,"column":24},"end":{"line":11,"column":42}},"9":{"start":{"line":12,"column":44},"end":{"line":12,"column":59}},"10":{"start":{"line":13,"column":44},"end":{"line":15,"column":14}},"11":{"start":{"line":18,"column":4},"end":{"line":18,"column":31}},"12":{"start":{"line":19,"column":4},"end":{"line":19,"column":40}},"13":{"start":{"line":22,"column":2},"end":{"line":41,"column":4}},"14":{"start":{"line":31,"column":10},"end":{"line":37,"column":12}},"15":{"start":{"line":10,"column":13},"end":{"line":10,"column":43}}},"fnMap":{"0":{"name":"(anonymous_0)","decl":{"start":{"line":10,"column":43},"end":{"line":10,"column":46}},"loc":{"start":{"line":10,"column":48},"end":{"line":42,"column":1}}},"1":{"name":"handleTaskListClick","decl":{"start":{"line":17,"column":11},"end":{"line":17,"column":30}},"loc":{"start":{"line":17,"column":55},"end":{"line":20,"column":3}}},"2":{"name":"(anonymous_2)","decl":{"start":{"line":30,"column":23},"end":{"line":30,"column":24}},"loc":{"start":{"line":30,"column":36},"end":{"line":38,"column":9}}}},"branchMap":{},"s":{"0":7,"1":7,"2":7,"3":7,"4":7,"5":7,"6":7,"7":7,"8":48,"9":48,"10":48,"11":4,"12":4,"13":48,"14":44,"15":7},"f":{"0":48,"1":4,"2":44},"b":{}}
,"/Users/luisroberto/Documents/ENROUTE/Proyectos/task-manager-app-front/src/components/boardPage/TaskListModal/TaskListModal.tsx": {"path":"/Users/luisroberto/Documents/ENROUTE/Proyectos/task-manager-app-front/src/components/boardPage/TaskListModal/TaskListModal.tsx","statementMap":{"0":{"start":{"line":1,"column":0},"end":{"line":1,"column":51}},"1":{"start":{"line":2,"column":0},"end":{"line":2,"column":49}},"2":{"start":{"line":3,"column":0},"end":{"line":3,"column":56}},"3":{"start":{"line":5,"column":0},"end":{"line":5,"column":61}},"4":{"start":{"line":6,"column":0},"end":{"line":6,"column":67}},"5":{"start":{"line":18,"column":54},"end":{"line":167,"column":1}},"6":{"start":{"line":19,"column":38},"end":{"line":23,"column":4}},"7":{"start":{"line":24,"column":62},"end":{"line":24,"column":77}},"8":{"start":{"line":26,"column":4},"end":{"line":26,"column":22}},"9":{"start":{"line":29,"column":4},"end":{"line":29,"column":41}},"10":{"start":{"line":33,"column":4},"end":{"line":40,"column":null}},"11":{"start":{"line":34,"column":6},"end":{"line":37,"column":null}},"12":{"start":{"line":35,"column":8},"end":{"line":35,"column":36}},"13":{"start":{"line":36,"column":8},"end":{"line":36,"column":45}},"14":{"start":{"line":39,"column":6},"end":{"line":39,"column":45}},"15":{"start":{"line":44,"column":4},"end":{"line":62,"column":null}},"16":{"start":{"line":45,"column":6},"end":{"line":45,"column":25}},"17":{"start":{"line":46,"column":6},"end":{"line":46,"column":28}},"18":{"start":{"line":46,"column":21},"end":{"line":46,"column":28}},"19":{"start":{"line":48,"column":29},"end":{"line":48,"column":54}},"20":{"start":{"line":50,"column":6},"end":{"line":50,"column":36}},"21":{"start":{"line":50,"column":29},"end":{"line":50,"column":36}},"22":{"start":{"line":52,"column":6},"end":{"line":52,"column":49}},"23":{"start":{"line":54,"column":6},"end":{"line":54,"column":46}},"24":{"start":{"line":55,"column":6},"end":{"line":55,"column":55}},"25":{"start":{"line":56,"column":6},"end":{"line":56,"column":48}},"26":{"start":{"line":58,"column":6},"end":{"line":58,"column":42}},"27":{"start":{"line":59,"column":6},"end":{"line":59,"column":43}},"28":{"start":{"line":61,"column":6},"end":{"line":61,"column":51}},"29":{"start":{"line":66,"column":4},"end":{"line":66,"column":60}},"30":{"start":{"line":69,"column":2},"end":{"line":77,"column":17}},"31":{"start":{"line":70,"column":4},"end":{"line":76,"column":null}},"32":{"start":{"line":71,"column":6},"end":{"line":75,"column":9}},"33":{"start":{"line":79,"column":2},"end":{"line":79,"column":71}},"34":{"start":{"line":79,"column":59},"end":{"line":79,"column":71}},"35":{"start":{"line":81,"column":2},"end":{"line":166,"column":4}},"36":{"start":{"line":110,"column":22},"end":{"line":110,"column":64}},"37":{"start":{"line":124,"column":22},"end":{"line":124,"column":68}},"38":{"start":{"line":138,"column":22},"end":{"line":138,"column":65}},"39":{"start":{"line":18,"column":13},"end":{"line":18,"column":54}}},"fnMap":{"0":{"name":"(anonymous_0)","decl":{"start":{"line":18,"column":54},"end":{"line":18,"column":55}},"loc":{"start":{"line":18,"column":71},"end":{"line":167,"column":1}}},"1":{"name":"handleOnCloseModal","decl":{"start":{"line":28,"column":11},"end":{"line":28,"column":29}},"loc":{"start":{"line":28,"column":29},"end":{"line":30,"column":3}}},"2":{"name":"handleDeleteBtnClick","decl":{"start":{"line":32,"column":11},"end":{"line":32,"column":31}},"loc":{"start":{"line":32,"column":31},"end":{"line":41,"column":3}}},"3":{"name":"handleFormSubmit","decl":{"start":{"line":43,"column":11},"end":{"line":43,"column":27}},"loc":{"start":{"line":43,"column":46},"end":{"line":63,"column":3}}},"4":{"name":"handleInputChange","decl":{"start":{"line":65,"column":11},"end":{"line":65,"column":28}},"loc":{"start":{"line":65,"column":64},"end":{"line":67,"column":3}}},"5":{"name":"(anonymous_5)","decl":{"start":{"line":69,"column":12},"end":{"line":69,"column":15}},"loc":{"start":{"line":69,"column":17},"end":{"line":77,"column":3}}},"6":{"name":"(anonymous_6)","decl":{"start":{"line":109,"column":30},"end":{"line":109,"column":31}},"loc":{"start":{"line":109,"column":36},"end":{"line":111,"column":21}}},"7":{"name":"(anonymous_7)","decl":{"start":{"line":123,"column":30},"end":{"line":123,"column":31}},"loc":{"start":{"line":123,"column":36},"end":{"line":125,"column":21}}},"8":{"name":"(anonymous_8)","decl":{"start":{"line":137,"column":30},"end":{"line":137,"column":31}},"loc":{"start":{"line":137,"column":36},"end":{"line":139,"column":21}}}},"branchMap":{"0":{"loc":{"start":{"line":34,"column":6},"end":{"line":37,"column":null}},"type":"if","locations":[{"start":{"line":34,"column":6},"end":{"line":37,"column":null}}]},"1":{"loc":{"start":{"line":46,"column":6},"end":{"line":46,"column":28}},"type":"if","locations":[{"start":{"line":46,"column":6},"end":{"line":46,"column":28}}]},"2":{"loc":{"start":{"line":50,"column":6},"end":{"line":50,"column":36}},"type":"if","locations":[{"start":{"line":50,"column":6},"end":{"line":50,"column":36}}]},"3":{"loc":{"start":{"line":70,"column":4},"end":{"line":76,"column":null}},"type":"if","locations":[{"start":{"line":70,"column":4},"end":{"line":76,"column":null}}]},"4":{"loc":{"start":{"line":79,"column":2},"end":{"line":79,"column":71}},"type":"if","locations":[{"start":{"line":79,"column":2},"end":{"line":79,"column":71}}]},"5":{"loc":{"start":{"line":79,"column":6},"end":{"line":79,"column":57}},"type":"binary-expr","locations":[{"start":{"line":79,"column":6},"end":{"line":79,"column":44}},{"start":{"line":79,"column":48},"end":{"line":79,"column":57}}]}},"s":{"0":7,"1":7,"2":7,"3":7,"4":7,"5":7,"6":55,"7":55,"8":55,"9":0,"10":1,"11":1,"12":1,"13":1,"14":0,"15":1,"16":1,"17":1,"18":0,"19":1,"20":1,"21":0,"22":1,"23":1,"24":1,"25":1,"26":1,"27":1,"28":0,"29":3,"30":55,"31":16,"32":4,"33":55,"34":44,"35":11,"36":1,"37":1,"38":1,"39":7},"f":{"0":55,"1":0,"2":1,"3":1,"4":3,"5":16,"6":1,"7":1,"8":1},"b":{"0":[1],"1":[0],"2":[0],"3":[4],"4":[44],"5":[55,11]}}
,"/Users/luisroberto/Documents/ENROUTE/Proyectos/task-manager-app-front/src/components/boardPage/TaskListModal/TaskListModalData.tsx": {"path":"/Users/luisroberto/Documents/ENROUTE/Proyectos/task-manager-app-front/src/components/boardPage/TaskListModal/TaskListModalData.tsx","statementMap":{"0":{"start":{"line":9,"column":62},"end":{"line":31,"column":1}},"1":{"start":{"line":14,"column":2},"end":{"line":30,"column":4}},"2":{"start":{"line":9,"column":13},"end":{"line":9,"column":62}}},"fnMap":{"0":{"name":"(anonymous_0)","decl":{"start":{"line":9,"column":62},"end":{"line":9,"column":63}},"loc":{"start":{"line":13,"column":5},"end":{"line":31,"column":1}}}},"branchMap":{},"s":{"0":7,"1":11,"2":7},"f":{"0":11},"b":{}}
,"/Users/luisroberto/Documents/ENROUTE/Proyectos/task-manager-app-front/src/components/boardPage/TaskModal/ChangeTaskListForm.tsx": {"path":"/Users/luisroberto/Documents/ENROUTE/Proyectos/task-manager-app-front/src/components/boardPage/TaskModal/ChangeTaskListForm.tsx","statementMap":{"0":{"start":{"line":11,"column":65},"end":{"line":55,"column":1}},"1":{"start":{"line":17,"column":2},"end":{"line":54,"column":4}},"2":{"start":{"line":33,"column":20},"end":{"line":33,"column":46}},"3":{"start":{"line":11,"column":13},"end":{"line":11,"column":65}}},"fnMap":{"0":{"name":"(anonymous_0)","decl":{"start":{"line":11,"column":65},"end":{"line":11,"column":66}},"loc":{"start":{"line":16,"column":5},"end":{"line":55,"column":1}}},"1":{"name":"(anonymous_1)","decl":{"start":{"line":32,"column":33},"end":{"line":32,"column":34}},"loc":{"start":{"line":33,"column":20},"end":{"line":33,"column":46}}}},"branchMap":{},"s":{"0":2,"1":17,"2":30,"3":2},"f":{"0":17,"1":30},"b":{}}
,"/Users/luisroberto/Documents/ENROUTE/Proyectos/task-manager-app-front/src/components/boardPage/TaskModal/TaskModal.tsx": {"path":"/Users/luisroberto/Documents/ENROUTE/Proyectos/task-manager-app-front/src/components/boardPage/TaskModal/TaskModal.tsx","statementMap":{"0":{"start":{"line":1,"column":0},"end":{"line":1,"column":51}},"1":{"start":{"line":2,"column":0},"end":{"line":2,"column":38}},"2":{"start":{"line":3,"column":0},"end":{"line":3,"column":49}},"3":{"start":{"line":4,"column":0},"end":{"line":4,"column":61}},"4":{"start":{"line":5,"column":0},"end":{"line":5,"column":66}},"5":{"start":{"line":6,"column":0},"end":{"line":6,"column":26}},"6":{"start":{"line":7,"column":0},"end":{"line":7,"column":48}},"7":{"start":{"line":8,"column":0},"end":{"line":8,"column":67}},"8":{"start":{"line":9,"column":0},"end":{"line":9,"column":58}},"9":{"start":{"line":10,"column":0},"end":{"line":10,"column":59}},"10":{"start":{"line":19,"column":25},"end":{"line":209,"column":1}},"11":{"start":{"line":20,"column":51},"end":{"line":20,"column":66}},"12":{"start":{"line":21,"column":23},"end":{"line":21,"column":56}},"13":{"start":{"line":22,"column":24},"end":{"line":22,"column":42}},"14":{"start":{"line":23,"column":60},"end":{"line":23,"column":74}},"15":{"start":{"line":24,"column":50},"end":{"line":24,"column":61}},"16":{"start":{"line":25,"column":42},"end":{"line":29,"column":4}},"17":{"start":{"line":32,"column":4},"end":{"line":32,"column":20}},"18":{"start":{"line":33,"column":4},"end":{"line":33,"column":25}},"19":{"start":{"line":37,"column":4},"end":{"line":44,"column":null}},"20":{"start":{"line":38,"column":6},"end":{"line":38,"column":28}},"21":{"start":{"line":38,"column":21},"end":{"line":38,"column":28}},"22":{"start":{"line":39,"column":6},"end":{"line":39,"column":30}},"23":{"start":{"line":40,"column":6},"end":{"line":40,"column":22}},"24":{"start":{"line":41,"column":6},"end":{"line":41,"column":27}},"25":{"start":{"line":43,"column":6},"end":{"line":43,"column":45}},"26":{"start":{"line":48,"column":4},"end":{"line":48,"column":41}},"27":{"start":{"line":52,"column":4},"end":{"line":61,"column":null}},"28":{"start":{"line":53,"column":6},"end":{"line":53,"column":25}},"29":{"start":{"line":54,"column":6},"end":{"line":58,"column":null}},"30":{"start":{"line":55,"column":8},"end":{"line":55,"column":66}},"31":{"start":{"line":56,"column":8},"end":{"line":56,"column":24}},"32":{"start":{"line":57,"column":8},"end":{"line":57,"column":29}},"33":{"start":{"line":60,"column":6},"end":{"line":60,"column":45}},"34":{"start":{"line":62,"column":4},"end":{"line":62,"column":11}},"35":{"start":{"line":66,"column":4},"end":{"line":66,"column":64}},"36":{"start":{"line":70,"column":4},"end":{"line":74,"column":7}},"37":{"start":{"line":78,"column":4},"end":{"line":89,"column":null}},"38":{"start":{"line":79,"column":6},"end":{"line":79,"column":25}},"39":{"start":{"line":80,"column":32},"end":{"line":80,"column":68}},"40":{"start":{"line":81,"column":6},"end":{"line":81,"column":44}},"41":{"start":{"line":82,"column":6},"end":{"line":82,"column":47}},"42":{"start":{"line":83,"column":6},"end":{"line":83,"column":56}},"43":{"start":{"line":84,"column":6},"end":{"line":84,"column":37}},"44":{"start":{"line":85,"column":6},"end":{"line":85,"column":22}},"45":{"start":{"line":86,"column":6},"end":{"line":86,"column":27}},"46":{"start":{"line":88,"column":6},"end":{"line":88,"column":45}},"47":{"start":{"line":90,"column":4},"end":{"line":90,"column":11}},"48":{"start":{"line":93,"column":2},"end":{"line":102,"column":17}},"49":{"start":{"line":94,"column":4},"end":{"line":101,"column":null}},"50":{"start":{"line":95,"column":6},"end":{"line":95,"column":48}},"51":{"start":{"line":96,"column":6},"end":{"line":100,"column":9}},"52":{"start":{"line":104,"column":2},"end":{"line":104,"column":29}},"53":{"start":{"line":104,"column":17},"end":{"line":104,"column":29}},"54":{"start":{"line":106,"column":2},"end":{"line":208,"column":4}},"55":{"start":{"line":147,"column":26},"end":{"line":147,"column":68}},"56":{"start":{"line":162,"column":26},"end":{"line":162,"column":69}},"57":{"start":{"line":177,"column":26},"end":{"line":177,"column":74}},"58":{"start":{"line":19,"column":13},"end":{"line":19,"column":25}}},"fnMap":{"0":{"name":"(anonymous_0)","decl":{"start":{"line":19,"column":25},"end":{"line":19,"column":28}},"loc":{"start":{"line":19,"column":30},"end":{"line":209,"column":1}}},"1":{"name":"handleModalClose","decl":{"start":{"line":31,"column":11},"end":{"line":31,"column":27}},"loc":{"start":{"line":31,"column":27},"end":{"line":34,"column":3}}},"2":{"name":"handleDeleteBtnClick","decl":{"start":{"line":36,"column":17},"end":{"line":36,"column":37}},"loc":{"start":{"line":36,"column":37},"end":{"line":45,"column":3}}},"3":{"name":"handleTaskListChange","decl":{"start":{"line":47,"column":11},"end":{"line":47,"column":31}},"loc":{"start":{"line":47,"column":71},"end":{"line":49,"column":3}}},"4":{"name":"handleChangeListFormSubmition","decl":{"start":{"line":51,"column":17},"end":{"line":51,"column":46}},"loc":{"start":{"line":51,"column":65},"end":{"line":63,"column":3}}},"5":{"name":"handleInputChange","decl":{"start":{"line":65,"column":11},"end":{"line":65,"column":28}},"loc":{"start":{"line":65,"column":64},"end":{"line":67,"column":3}}},"6":{"name":"resetFormData","decl":{"start":{"line":69,"column":11},"end":{"line":69,"column":24}},"loc":{"start":{"line":69,"column":24},"end":{"line":75,"column":3}}},"7":{"name":"handleEditFormSubmit","decl":{"start":{"line":77,"column":17},"end":{"line":77,"column":37}},"loc":{"start":{"line":77,"column":56},"end":{"line":91,"column":3}}},"8":{"name":"(anonymous_8)","decl":{"start":{"line":93,"column":12},"end":{"line":93,"column":15}},"loc":{"start":{"line":93,"column":17},"end":{"line":102,"column":3}}},"9":{"name":"(anonymous_9)","decl":{"start":{"line":146,"column":34},"end":{"line":146,"column":35}},"loc":{"start":{"line":147,"column":26},"end":{"line":147,"column":68}}},"10":{"name":"(anonymous_10)","decl":{"start":{"line":161,"column":34},"end":{"line":161,"column":35}},"loc":{"start":{"line":162,"column":26},"end":{"line":162,"column":69}}},"11":{"name":"(anonymous_11)","decl":{"start":{"line":176,"column":34},"end":{"line":176,"column":35}},"loc":{"start":{"line":177,"column":26},"end":{"line":177,"column":74}}}},"branchMap":{"0":{"loc":{"start":{"line":38,"column":6},"end":{"line":38,"column":28}},"type":"if","locations":[{"start":{"line":38,"column":6},"end":{"line":38,"column":28}}]},"1":{"loc":{"start":{"line":54,"column":6},"end":{"line":58,"column":null}},"type":"if","locations":[{"start":{"line":54,"column":6},"end":{"line":58,"column":null}}]},"2":{"loc":{"start":{"line":94,"column":4},"end":{"line":101,"column":null}},"type":"if","locations":[{"start":{"line":94,"column":4},"end":{"line":101,"column":null}}]},"3":{"loc":{"start":{"line":104,"column":2},"end":{"line":104,"column":29}},"type":"if","locations":[{"start":{"line":104,"column":2},"end":{"line":104,"column":29}}]}},"s":{"0":2,"1":2,"2":2,"3":2,"4":2,"5":2,"6":2,"7":2,"8":2,"9":2,"10":2,"11":32,"12":32,"13":32,"14":32,"15":32,"16":32,"17":0,"18":0,"19":1,"20":1,"21":0,"22":1,"23":1,"24":1,"25":0,"26":1,"27":1,"28":1,"29":1,"30":1,"31":1,"32":1,"33":0,"34":1,"35":3,"36":3,"37":1,"38":1,"39":1,"40":1,"41":1,"42":1,"43":1,"44":1,"45":1,"46":0,"47":1,"48":32,"49":13,"50":9,"51":9,"52":32,"53":8,"54":24,"55":1,"56":1,"57":1,"58":2},"f":{"0":32,"1":0,"2":1,"3":1,"4":1,"5":3,"6":3,"7":1,"8":13,"9":1,"10":1,"11":1},"b":{"0":[0],"1":[1],"2":[9],"3":[8]}}
,"/Users/luisroberto/Documents/ENROUTE/Proyectos/task-manager-app-front/src/components/boardPage/TaskModal/TaskModalData.tsx": {"path":"/Users/luisroberto/Documents/ENROUTE/Proyectos/task-manager-app-front/src/components/boardPage/TaskModal/TaskModalData.tsx","statementMap":{"0":{"start":{"line":2,"column":0},"end":{"line":2,"column":47}},"1":{"start":{"line":9,"column":54},"end":{"line":53,"column":1}},"2":{"start":{"line":10,"column":57},"end":{"line":10,"column":65}},"3":{"start":{"line":12,"column":2},"end":{"line":52,"column":4}},"4":{"start":{"line":9,"column":13},"end":{"line":9,"column":54}}},"fnMap":{"0":{"name":"(anonymous_0)","decl":{"start":{"line":9,"column":54},"end":{"line":9,"column":55}},"loc":{"start":{"line":9,"column":71},"end":{"line":53,"column":1}}}},"branchMap":{},"s":{"0":2,"1":2,"2":17,"3":17,"4":2},"f":{"0":17},"b":{}}
,"/Users/luisroberto/Documents/ENROUTE/Proyectos/task-manager-app-front/src/components/common/Modal/Modal.tsx": {"path":"/Users/luisroberto/Documents/ENROUTE/Proyectos/task-manager-app-front/src/components/common/Modal/Modal.tsx","statementMap":{"0":{"start":{"line":2,"column":0},"end":{"line":2,"column":22}},"1":{"start":{"line":3,"column":0},"end":{"line":3,"column":49}},"2":{"start":{"line":11,"column":38},"end":{"line":38,"column":1}},"3":{"start":{"line":12,"column":28},"end":{"line":14,"column":3}},"4":{"start":{"line":13,"column":4},"end":{"line":13,"column":14}},"5":{"start":{"line":17,"column":4},"end":{"line":19,"column":null}},"6":{"start":{"line":18,"column":6},"end":{"line":18,"column":16}},"7":{"start":{"line":22,"column":2},"end":{"line":24,"column":null}},"8":{"start":{"line":23,"column":4},"end":{"line":23,"column":16}},"9":{"start":{"line":26,"column":2},"end":{"line":37,"column":4}},"10":{"start":{"line":11,"column":13},"end":{"line":11,"column":38}}},"fnMap":{"0":{"name":"(anonymous_0)","decl":{"start":{"line":11,"column":38},"end":{"line":11,"column":39}},"loc":{"start":{"line":11,"column":76},"end":{"line":38,"column":1}}},"1":{"name":"(anonymous_1)","decl":{"start":{"line":12,"column":28},"end":{"line":12,"column":31}},"loc":{"start":{"line":12,"column":33},"end":{"line":14,"column":3}}},"2":{"name":"handleBackgroundClick","decl":{"start":{"line":16,"column":11},"end":{"line":16,"column":32}},"loc":{"start":{"line":16,"column":52},"end":{"line":20,"column":3}}}},"branchMap":{"0":{"loc":{"start":{"line":17,"column":4},"end":{"line":19,"column":null}},"type":"if","locations":[{"start":{"line":17,"column":4},"end":{"line":19,"column":null}}]},"1":{"loc":{"start":{"line":22,"column":2},"end":{"line":24,"column":null}},"type":"if","locations":[{"start":{"line":22,"column":2},"end":{"line":24,"column":null}}]}},"s":{"0":7,"1":7,"2":7,"3":55,"4":0,"5":7,"6":0,"7":55,"8":15,"9":40,"10":7},"f":{"0":55,"1":0,"2":7},"b":{"0":[0],"1":[15]}}
,"/Users/luisroberto/Documents/ENROUTE/Proyectos/task-manager-app-front/src/components/selectionPage/boardCard/BoardCard.tsx": {"path":"/Users/luisroberto/Documents/ENROUTE/Proyectos/task-manager-app-front/src/components/selectionPage/boardCard/BoardCard.tsx","statementMap":{"0":{"start":{"line":9,"column":41},"end":{"line":31,"column":1}},"1":{"start":{"line":15,"column":4},"end":{"line":15,"column":30}},"2":{"start":{"line":18,"column":2},"end":{"line":30,"column":4}},"3":{"start":{"line":9,"column":13},"end":{"line":9,"column":41}}},"fnMap":{"0":{"name":"(anonymous_0)","decl":{"start":{"line":9,"column":41},"end":{"line":9,"column":42}},"loc":{"start":{"line":13,"column":5},"end":{"line":31,"column":1}}},"1":{"name":"handleButtonClick","decl":{"start":{"line":14,"column":11},"end":{"line":14,"column":28}},"loc":{"start":{"line":14,"column":28},"end":{"line":16,"column":3}}}},"branchMap":{},"s":{"0":2,"1":0,"2":7,"3":2},"f":{"0":7,"1":0},"b":{}}
,"/Users/luisroberto/Documents/ENROUTE/Proyectos/task-manager-app-front/src/components/selectionPage/selectionPageHeader/SelectionPageHeader.tsx": {"path":"/Users/luisroberto/Documents/ENROUTE/Proyectos/task-manager-app-front/src/components/selectionPage/selectionPageHeader/SelectionPageHeader.tsx","statementMap":{"0":{"start":{"line":2,"column":0},"end":{"line":2,"column":36}},"1":{"start":{"line":4,"column":35},"end":{"line":27,"column":1}},"2":{"start":{"line":5,"column":2},"end":{"line":26,"column":4}},"3":{"start":{"line":4,"column":13},"end":{"line":4,"column":35}}},"fnMap":{"0":{"name":"(anonymous_0)","decl":{"start":{"line":4,"column":35},"end":{"line":4,"column":38}},"loc":{"start":{"line":4,"column":40},"end":{"line":27,"column":1}}}},"branchMap":{},"s":{"0":1,"1":1,"2":4,"3":1},"f":{"0":4},"b":{}}
,"/Users/luisroberto/Documents/ENROUTE/Proyectos/task-manager-app-front/src/components/wrappers/ApolloConfig.tsx": {"path":"/Users/luisroberto/Documents/ENROUTE/Proyectos/task-manager-app-front/src/components/wrappers/ApolloConfig.tsx","statementMap":{"0":{"start":{"line":2,"column":0},"end":{"line":2,"column":32}},"1":{"start":{"line":3,"column":0},"end":{"line":3,"column":null}},"2":{"start":{"line":10,"column":13},"end":{"line":13,"column":3}},"3":{"start":{"line":19,"column":53},"end":{"line":21,"column":1}},"4":{"start":{"line":20,"column":2},"end":{"line":20,"column":69}},"5":{"start":{"line":19,"column":13},"end":{"line":19,"column":53}}},"fnMap":{"0":{"name":"(anonymous_0)","decl":{"start":{"line":19,"column":53},"end":{"line":19,"column":54}},"loc":{"start":{"line":19,"column":70},"end":{"line":21,"column":1}}}},"branchMap":{},"s":{"0":4,"1":4,"2":4,"3":4,"4":0,"5":4},"f":{"0":0},"b":{}}
,"/Users/luisroberto/Documents/ENROUTE/Proyectos/task-manager-app-front/src/hooks/useBoardState.ts": {"path":"/Users/luisroberto/Documents/ENROUTE/Proyectos/task-manager-app-front/src/hooks/useBoardState.ts","statementMap":{"0":{"start":{"line":1,"column":0},"end":{"line":1,"column":40}},"1":{"start":{"line":2,"column":0},"end":{"line":2,"column":52}},"2":{"start":{"line":3,"column":0},"end":{"line":3,"column":61}},"3":{"start":{"line":4,"column":0},"end":{"line":4,"column":null}},"4":{"start":{"line":11,"column":29},"end":{"line":70,"column":1}},"5":{"start":{"line":12,"column":28},"end":{"line":12,"column":54}},"6":{"start":{"line":15,"column":24},"end":{"line":18,"column":6}},"7":{"start":{"line":20,"column":4},"end":{"line":20,"column":37}},"8":{"start":{"line":24,"column":4},"end":{"line":26,"column":null}},"9":{"start":{"line":25,"column":6},"end":{"line":25,"column":69}},"10":{"start":{"line":30,"column":4},"end":{"line":34,"column":7}},"11":{"start":{"line":42,"column":36},"end":{"line":42,"column":40}},"12":{"start":{"line":43,"column":24},"end":{"line":46,"column":6}},"13":{"start":{"line":48,"column":25},"end":{"line":48,"column":52}},"14":{"start":{"line":49,"column":4},"end":{"line":49,"column":27}},"15":{"start":{"line":53,"column":24},"end":{"line":56,"column":6}},"16":{"start":{"line":58,"column":4},"end":{"line":58,"column":39}},"17":{"start":{"line":61,"column":2},"end":{"line":69,"column":4}},"18":{"start":{"line":11,"column":13},"end":{"line":11,"column":29}}},"fnMap":{"0":{"name":"(anonymous_0)","decl":{"start":{"line":11,"column":29},"end":{"line":11,"column":32}},"loc":{"start":{"line":11,"column":34},"end":{"line":70,"column":1}}},"1":{"name":"fetchBoard","decl":{"start":{"line":14,"column":17},"end":{"line":14,"column":27}},"loc":{"start":{"line":14,"column":43},"end":{"line":21,"column":3}}},"2":{"name":"changeBoardVisibility","decl":{"start":{"line":23,"column":17},"end":{"line":23,"column":38}},"loc":{"start":{"line":23,"column":56},"end":{"line":27,"column":3}}},"3":{"name":"changeBoardData","decl":{"start":{"line":29,"column":17},"end":{"line":29,"column":32}},"loc":{"start":{"line":29,"column":59},"end":{"line":35,"column":3}}},"4":{"name":"updateBoard","decl":{"start":{"line":37,"column":17},"end":{"line":37,"column":28}},"loc":{"start":{"line":41,"column":3},"end":{"line":50,"column":3}}},"5":{"name":"fetchUserBoards","decl":{"start":{"line":52,"column":17},"end":{"line":52,"column":32}},"loc":{"start":{"line":52,"column":47},"end":{"line":59,"column":3}}}},"branchMap":{"0":{"loc":{"start":{"line":24,"column":4},"end":{"line":26,"column":null}},"type":"if","locations":[{"start":{"line":24,"column":4},"end":{"line":26,"column":null}}]}},"s":{"0":8,"1":8,"2":8,"3":8,"4":8,"5":219,"6":0,"7":0,"8":0,"9":0,"10":0,"11":0,"12":0,"13":0,"14":0,"15":0,"16":0,"17":219,"18":8},"f":{"0":219,"1":0,"2":0,"3":0,"4":0,"5":0},"b":{"0":[0]}}
,"/Users/luisroberto/Documents/ENROUTE/Proyectos/task-manager-app-front/src/hooks/useModalState.ts": {"path":"/Users/luisroberto/Documents/ENROUTE/Proyectos/task-manager-app-front/src/hooks/useModalState.ts","statementMap":{"0":{"start":{"line":1,"column":0},"end":{"line":1,"column":40}},"1":{"start":{"line":2,"column":0},"end":{"line":2,"column":68}},"2":{"start":{"line":5,"column":29},"end":{"line":69,"column":1}},"3":{"start":{"line":6,"column":50},"end":{"line":6,"column":77}},"4":{"start":{"line":9,"column":40},"end":{"line":9,"column":63}},"5":{"start":{"line":10,"column":4},"end":{"line":10,"column":49}},"6":{"start":{"line":11,"column":4},"end":{"line":11,"column":39}},"7":{"start":{"line":15,"column":40},"end":{"line":15,"column":63}},"8":{"start":{"line":16,"column":4},"end":{"line":16,"column":48}},"9":{"start":{"line":17,"column":4},"end":{"line":17,"column":39}},"10":{"start":{"line":21,"column":40},"end":{"line":21,"column":63}},"11":{"start":{"line":22,"column":4},"end":{"line":22,"column":44}},"12":{"start":{"line":23,"column":4},"end":{"line":23,"column":39}},"13":{"start":{"line":27,"column":40},"end":{"line":27,"column":63}},"14":{"start":{"line":28,"column":4},"end":{"line":28,"column":43}},"15":{"start":{"line":29,"column":4},"end":{"line":29,"column":39}},"16":{"start":{"line":33,"column":40},"end":{"line":33,"column":63}},"17":{"start":{"line":34,"column":4},"end":{"line":34,"column":42}},"18":{"start":{"line":35,"column":4},"end":{"line":35,"column":39}},"19":{"start":{"line":39,"column":40},"end":{"line":40,"column":null}},"20":{"start":{"line":42,"column":4},"end":{"line":42,"column":54}},"21":{"start":{"line":43,"column":4},"end":{"line":43,"column":39}},"22":{"start":{"line":47,"column":40},"end":{"line":48,"column":null}},"23":{"start":{"line":50,"column":4},"end":{"line":53,"column":6}},"24":{"start":{"line":55,"column":4},"end":{"line":55,"column":39}},"25":{"start":{"line":58,"column":2},"end":{"line":68,"column":4}},"26":{"start":{"line":5,"column":13},"end":{"line":5,"column":29}}},"fnMap":{"0":{"name":"(anonymous_0)","decl":{"start":{"line":5,"column":29},"end":{"line":5,"column":32}},"loc":{"start":{"line":5,"column":34},"end":{"line":69,"column":1}}},"1":{"name":"changeTaskListModalVisibility","decl":{"start":{"line":8,"column":11},"end":{"line":8,"column":40}},"loc":{"start":{"line":8,"column":57},"end":{"line":12,"column":3}}},"2":{"name":"changeCreateTaskListModalVisibility","decl":{"start":{"line":14,"column":11},"end":{"line":14,"column":46}},"loc":{"start":{"line":14,"column":63},"end":{"line":18,"column":3}}},"3":{"name":"changeCreateTaskModalVisibility","decl":{"start":{"line":20,"column":11},"end":{"line":20,"column":42}},"loc":{"start":{"line":20,"column":59},"end":{"line":24,"column":3}}},"4":{"name":"changeEditBoardModalVisibility","decl":{"start":{"line":26,"column":11},"end":{"line":26,"column":41}},"loc":{"start":{"line":26,"column":58},"end":{"line":30,"column":3}}},"5":{"name":"changeEditUserModalVisibility","decl":{"start":{"line":32,"column":11},"end":{"line":32,"column":40}},"loc":{"start":{"line":32,"column":57},"end":{"line":36,"column":3}}},"6":{"name":"closeTaskDataModal","decl":{"start":{"line":38,"column":11},"end":{"line":38,"column":29}},"loc":{"start":{"line":38,"column":29},"end":{"line":44,"column":3}}},"7":{"name":"openTaskDataModal","decl":{"start":{"line":46,"column":11},"end":{"line":46,"column":28}},"loc":{"start":{"line":46,"column":44},"end":{"line":56,"column":3}}}},"branchMap":{},"s":{"0":10,"1":10,"2":10,"3":221,"4":6,"5":6,"6":6,"7":3,"8":3,"9":3,"10":9,"11":9,"12":9,"13":0,"14":0,"15":0,"16":0,"17":0,"18":0,"19":3,"20":3,"21":3,"22":6,"23":6,"24":6,"25":221,"26":10},"f":{"0":221,"1":6,"2":3,"3":9,"4":0,"5":0,"6":3,"7":6},"b":{}}
,"/Users/luisroberto/Documents/ENROUTE/Proyectos/task-manager-app-front/src/hooks/useTaskListState.ts": {"path":"/Users/luisroberto/Documents/ENROUTE/Proyectos/task-manager-app-front/src/hooks/useTaskListState.ts","statementMap":{"0":{"start":{"line":1,"column":0},"end":{"line":1,"column":58}},"1":{"start":{"line":2,"column":0},"end":{"line":2,"column":40}},"2":{"start":{"line":4,"column":0},"end":{"line":4,"column":61}},"3":{"start":{"line":5,"column":0},"end":{"line":5,"column":48}},"4":{"start":{"line":6,"column":0},"end":{"line":6,"column":null}},"5":{"start":{"line":13,"column":32},"end":{"line":180,"column":1}},"6":{"start":{"line":14,"column":36},"end":{"line":14,"column":65}},"7":{"start":{"line":15,"column":20},"end":{"line":15,"column":35}},"8":{"start":{"line":19,"column":24},"end":{"line":22,"column":6}},"9":{"start":{"line":24,"column":4},"end":{"line":24,"column":50}},"10":{"start":{"line":25,"column":4},"end":{"line":25,"column":17}},"11":{"start":{"line":26,"column":4},"end":{"line":26,"column":31}},"12":{"start":{"line":31,"column":25},"end":{"line":31,"column":79}},"13":{"start":{"line":31,"column":55},"end":{"line":31,"column":78}},"14":{"start":{"line":33,"column":4},"end":{"line":33,"column":36}},"15":{"start":{"line":33,"column":29},"end":{"line":33,"column":36}},"16":{"start":{"line":35,"column":4},"end":{"line":40,"column":7}},"17":{"start":{"line":42,"column":27},"end":{"line":42,"column":41}},"18":{"start":{"line":43,"column":4},"end":{"line":43,"column":46}},"19":{"start":{"line":45,"column":4},"end":{"line":45,"column":57}},"20":{"start":{"line":46,"column":4},"end":{"line":46,"column":35}},"21":{"start":{"line":47,"column":4},"end":{"line":47,"column":31}},"22":{"start":{"line":51,"column":40},"end":{"line":51,"column":73}},"23":{"start":{"line":52,"column":4},"end":{"line":57,"column":7}},"24":{"start":{"line":53,"column":6},"end":{"line":55,"column":9}},"25":{"start":{"line":54,"column":8},"end":{"line":54,"column":33}},"26":{"start":{"line":56,"column":6},"end":{"line":56,"column":18}},"27":{"start":{"line":59,"column":4},"end":{"line":59,"column":23}},"28":{"start":{"line":63,"column":4},"end":{"line":73,"column":7}},"29":{"start":{"line":64,"column":42},"end":{"line":64,"column":74}},"30":{"start":{"line":65,"column":6},"end":{"line":70,"column":9}},"31":{"start":{"line":66,"column":8},"end":{"line":68,"column":11}},"32":{"start":{"line":67,"column":10},"end":{"line":67,"column":35}},"33":{"start":{"line":69,"column":8},"end":{"line":69,"column":20}},"34":{"start":{"line":72,"column":6},"end":{"line":72,"column":25}},"35":{"start":{"line":77,"column":4},"end":{"line":80,"column":7}},"36":{"start":{"line":82,"column":47},"end":{"line":84,"column":6}},"37":{"start":{"line":83,"column":6},"end":{"line":83,"column":40}},"38":{"start":{"line":85,"column":4},"end":{"line":85,"column":35}},"39":{"start":{"line":89,"column":4},"end":{"line":94,"column":null}},"40":{"start":{"line":89,"column":21},"end":{"line":89,"column":22}},"41":{"start":{"line":90,"column":23},"end":{"line":90,"column":39}},"42":{"start":{"line":91,"column":6},"end":{"line":93,"column":null}},"43":{"start":{"line":92,"column":8},"end":{"line":92,"column":24}},"44":{"start":{"line":95,"column":4},"end":{"line":95,"column":16}},"45":{"start":{"line":99,"column":27},"end":{"line":107,"column":6}},"46":{"start":{"line":109,"column":48},"end":{"line":112,"column":6}},"47":{"start":{"line":113,"column":4},"end":{"line":113,"column":36}},"48":{"start":{"line":114,"column":4},"end":{"line":114,"column":31}},"49":{"start":{"line":118,"column":4},"end":{"line":123,"column":7}},"50":{"start":{"line":119,"column":22},"end":{"line":119,"column":31}},"51":{"start":{"line":120,"column":6},"end":{"line":122,"column":9}},"52":{"start":{"line":121,"column":8},"end":{"line":121,"column":39}},"53":{"start":{"line":127,"column":46},"end":{"line":128,"column":null}},"54":{"start":{"line":131,"column":18},"end":{"line":131,"column":39}},"55":{"start":{"line":132,"column":18},"end":{"line":132,"column":39}},"56":{"start":{"line":134,"column":4},"end":{"line":134,"column":33}},"57":{"start":{"line":134,"column":26},"end":{"line":134,"column":33}},"58":{"start":{"line":136,"column":4},"end":{"line":144,"column":7}},"59":{"start":{"line":145,"column":4},"end":{"line":153,"column":7}},"60":{"start":{"line":155,"column":4},"end":{"line":163,"column":null}},"61":{"start":{"line":155,"column":21},"end":{"line":155,"column":22}},"62":{"start":{"line":156,"column":23},"end":{"line":156,"column":45}},"63":{"start":{"line":157,"column":6},"end":{"line":159,"column":null}},"64":{"start":{"line":158,"column":8},"end":{"line":158,"column":43}},"65":{"start":{"line":160,"column":6},"end":{"line":162,"column":null}},"66":{"start":{"line":161,"column":8},"end":{"line":161,"column":43}},"67":{"start":{"line":165,"column":4},"end":{"line":165,"column":34}},"68":{"start":{"line":166,"column":4},"end":{"line":166,"column":31}},"69":{"start":{"line":169,"column":2},"end":{"line":179,"column":4}},"70":{"start":{"line":13,"column":13},"end":{"line":13,"column":32}}},"fnMap":{"0":{"name":"(anonymous_0)","decl":{"start":{"line":13,"column":32},"end":{"line":13,"column":35}},"loc":{"start":{"line":13,"column":37},"end":{"line":180,"column":1}}},"1":{"name":"fetchTaskLists","decl":{"start":{"line":18,"column":17},"end":{"line":18,"column":31}},"loc":{"start":{"line":18,"column":47},"end":{"line":27,"column":3}}},"2":{"name":"setSingleTaskList","decl":{"start":{"line":30,"column":17},"end":{"line":30,"column":34}},"loc":{"start":{"line":30,"column":59},"end":{"line":48,"column":3}}},"3":{"name":"(anonymous_3)","decl":{"start":{"line":31,"column":45},"end":{"line":31,"column":46}},"loc":{"start":{"line":31,"column":55},"end":{"line":31,"column":78}}},"4":{"name":"getTasksOrdered","decl":{"start":{"line":50,"column":11},"end":{"line":50,"column":26}},"loc":{"start":{"line":50,"column":50},"end":{"line":60,"column":3}}},"5":{"name":"(anonymous_5)","decl":{"start":{"line":52,"column":34},"end":{"line":52,"column":35}},"loc":{"start":{"line":52,"column":43},"end":{"line":57,"column":5}}},"6":{"name":"(anonymous_6)","decl":{"start":{"line":53,"column":22},"end":{"line":53,"column":23}},"loc":{"start":{"line":53,"column":31},"end":{"line":55,"column":7}}},"7":{"name":"orderTasks","decl":{"start":{"line":62,"column":11},"end":{"line":62,"column":21}},"loc":{"start":{"line":62,"column":21},"end":{"line":74,"column":3}}},"8":{"name":"(anonymous_8)","decl":{"start":{"line":63,"column":17},"end":{"line":63,"column":18}},"loc":{"start":{"line":63,"column":26},"end":{"line":73,"column":5}}},"9":{"name":"(anonymous_9)","decl":{"start":{"line":65,"column":36},"end":{"line":65,"column":37}},"loc":{"start":{"line":65,"column":45},"end":{"line":70,"column":7}}},"10":{"name":"(anonymous_10)","decl":{"start":{"line":66,"column":24},"end":{"line":66,"column":25}},"loc":{"start":{"line":66,"column":33},"end":{"line":68,"column":9}}},"11":{"name":"deleteTaskList","decl":{"start":{"line":76,"column":17},"end":{"line":76,"column":31}},"loc":{"start":{"line":76,"column":50},"end":{"line":86,"column":3}}},"12":{"name":"(anonymous_12)","decl":{"start":{"line":82,"column":64},"end":{"line":82,"column":65}},"loc":{"start":{"line":82,"column":77},"end":{"line":84,"column":5}}},"13":{"name":"findTaskList","decl":{"start":{"line":88,"column":11},"end":{"line":88,"column":23}},"loc":{"start":{"line":88,"column":42},"end":{"line":96,"column":3}}},"14":{"name":"createTaskLists","decl":{"start":{"line":98,"column":17},"end":{"line":98,"column":32}},"loc":{"start":{"line":98,"column":62},"end":{"line":115,"column":3}}},"15":{"name":"orderTaskListsByPriority","decl":{"start":{"line":117,"column":11},"end":{"line":117,"column":35}},"loc":{"start":{"line":117,"column":35},"end":{"line":124,"column":3}}},"16":{"name":"(anonymous_16)","decl":{"start":{"line":118,"column":17},"end":{"line":118,"column":18}},"loc":{"start":{"line":118,"column":26},"end":{"line":123,"column":5}}},"17":{"name":"(anonymous_17)","decl":{"start":{"line":120,"column":26},"end":{"line":120,"column":27}},"loc":{"start":{"line":120,"column":35},"end":{"line":122,"column":7}}},"18":{"name":"exchangeListPosition","decl":{"start":{"line":126,"column":17},"end":{"line":126,"column":37}},"loc":{"start":{"line":126,"column":70},"end":{"line":167,"column":3}}}},"branchMap":{"0":{"loc":{"start":{"line":33,"column":4},"end":{"line":33,"column":36}},"type":"if","locations":[{"start":{"line":33,"column":4},"end":{"line":33,"column":36}}]},"1":{"loc":{"start":{"line":91,"column":6},"end":{"line":93,"column":null}},"type":"if","locations":[{"start":{"line":91,"column":6},"end":{"line":93,"column":null}}]},"2":{"loc":{"start":{"line":134,"column":4},"end":{"line":134,"column":33}},"type":"if","locations":[{"start":{"line":134,"column":4},"end":{"line":134,"column":33}}]},"3":{"loc":{"start":{"line":134,"column":8},"end":{"line":134,"column":24}},"type":"binary-expr","locations":[{"start":{"line":134,"column":8},"end":{"line":134,"column":14}},{"start":{"line":134,"column":18},"end":{"line":134,"column":24}}]},"4":{"loc":{"start":{"line":157,"column":6},"end":{"line":159,"column":null}},"type":"if","locations":[{"start":{"line":157,"column":6},"end":{"line":159,"column":null}}]},"5":{"loc":{"start":{"line":160,"column":6},"end":{"line":162,"column":null}},"type":"if","locations":[{"start":{"line":160,"column":6},"end":{"line":162,"column":null}}]}},"s":{"0":7,"1":7,"2":7,"3":7,"4":7,"5":7,"6":218,"7":218,"8":0,"9":0,"10":0,"11":0,"12":2,"13":2,"14":2,"15":0,"16":2,"17":2,"18":2,"19":2,"20":2,"21":2,"22":3,"23":3,"24":5,"25":0,"26":5,"27":3,"28":0,"29":0,"30":0,"31":0,"32":0,"33":0,"34":0,"35":1,"36":1,"37":1,"38":1,"39":3,"40":3,"41":4,"42":4,"43":3,"44":0,"45":1,"46":1,"47":1,"48":1,"49":3,"50":3,"51":3,"52":1,"53":0,"54":0,"55":0,"56":0,"57":0,"58":0,"59":0,"60":0,"61":0,"62":0,"63":0,"64":0,"65":0,"66":0,"67":0,"68":0,"69":218,"70":7},"f":{"0":218,"1":0,"2":2,"3":2,"4":3,"5":5,"6":0,"7":0,"8":0,"9":0,"10":0,"11":1,"12":1,"13":3,"14":1,"15":3,"16":3,"17":1,"18":0},"b":{"0":[0],"1":[3],"2":[0],"3":[0,0],"4":[0],"5":[0]}}
,"/Users/luisroberto/Documents/ENROUTE/Proyectos/task-manager-app-front/src/hooks/useTaskState.ts": {"path":"/Users/luisroberto/Documents/ENROUTE/Proyectos/task-manager-app-front/src/hooks/useTaskState.ts","statementMap":{"0":{"start":{"line":1,"column":0},"end":{"line":1,"column":58}},"1":{"start":{"line":2,"column":0},"end":{"line":2,"column":40}},"2":{"start":{"line":5,"column":0},"end":{"line":5,"column":54}},"3":{"start":{"line":6,"column":0},"end":{"line":6,"column":null}},"4":{"start":{"line":11,"column":0},"end":{"line":11,"column":61}},"5":{"start":{"line":13,"column":28},"end":{"line":234,"column":1}},"6":{"start":{"line":14,"column":27},"end":{"line":14,"column":56}},"7":{"start":{"line":16,"column":4},"end":{"line":16,"column":22}},"8":{"start":{"line":19,"column":34},"end":{"line":19,"column":38}},"9":{"start":{"line":20,"column":4},"end":{"line":26,"column":7}},"10":{"start":{"line":21,"column":6},"end":{"line":25,"column":9}},"11":{"start":{"line":22,"column":8},"end":{"line":24,"column":null}},"12":{"start":{"line":23,"column":10},"end":{"line":23,"column":27}},"13":{"start":{"line":27,"column":4},"end":{"line":27,"column":21}},"14":{"start":{"line":31,"column":4},"end":{"line":36,"column":7}},"15":{"start":{"line":37,"column":46},"end":{"line":38,"column":null}},"16":{"start":{"line":41,"column":4},"end":{"line":49,"column":null}},"17":{"start":{"line":41,"column":17},"end":{"line":41,"column":18}},"18":{"start":{"line":42,"column":23},"end":{"line":42,"column":41}},"19":{"start":{"line":43,"column":32},"end":{"line":44,"column":null}},"20":{"start":{"line":44,"column":18},"end":{"line":44,"column":36}},"21":{"start":{"line":46,"column":6},"end":{"line":48,"column":null}},"22":{"start":{"line":47,"column":8},"end":{"line":47,"column":52}},"23":{"start":{"line":51,"column":4},"end":{"line":51,"column":34}},"24":{"start":{"line":60,"column":30},"end":{"line":60,"column":54}},"25":{"start":{"line":61,"column":4},"end":{"line":61,"column":35}},"26":{"start":{"line":61,"column":28},"end":{"line":61,"column":35}},"27":{"start":{"line":63,"column":25},"end":{"line":71,"column":6}},"28":{"start":{"line":73,"column":27},"end":{"line":75,"column":6}},"29":{"start":{"line":77,"column":46},"end":{"line":78,"column":null}},"30":{"start":{"line":81,"column":4},"end":{"line":86,"column":null}},"31":{"start":{"line":81,"column":21},"end":{"line":81,"column":22}},"32":{"start":{"line":82,"column":29},"end":{"line":82,"column":51}},"33":{"start":{"line":83,"column":6},"end":{"line":85,"column":null}},"34":{"start":{"line":84,"column":8},"end":{"line":84,"column":43}},"35":{"start":{"line":88,"column":4},"end":{"line":88,"column":34}},"36":{"start":{"line":92,"column":24},"end":{"line":103,"column":6}},"37":{"start":{"line":105,"column":44},"end":{"line":106,"column":null}},"38":{"start":{"line":109,"column":27},"end":{"line":109,"column":53}},"39":{"start":{"line":110,"column":4},"end":{"line":110,"column":32}},"40":{"start":{"line":110,"column":25},"end":{"line":110,"column":32}},"41":{"start":{"line":112,"column":4},"end":{"line":117,"column":null}},"42":{"start":{"line":112,"column":21},"end":{"line":112,"column":22}},"43":{"start":{"line":113,"column":23},"end":{"line":113,"column":45}},"44":{"start":{"line":114,"column":6},"end":{"line":116,"column":9}},"45":{"start":{"line":115,"column":8},"end":{"line":115,"column":34}},"46":{"start":{"line":119,"column":37},"end":{"line":120,"column":null}},"47":{"start":{"line":123,"column":4},"end":{"line":123,"column":28}},"48":{"start":{"line":123,"column":21},"end":{"line":123,"column":28}},"49":{"start":{"line":124,"column":4},"end":{"line":124,"column":46}},"50":{"start":{"line":125,"column":4},"end":{"line":128,"column":6}},"51":{"start":{"line":130,"column":4},"end":{"line":135,"column":null}},"52":{"start":{"line":130,"column":21},"end":{"line":130,"column":22}},"53":{"start":{"line":131,"column":29},"end":{"line":131,"column":51}},"54":{"start":{"line":132,"column":6},"end":{"line":134,"column":null}},"55":{"start":{"line":133,"column":8},"end":{"line":133,"column":46}},"56":{"start":{"line":137,"column":4},"end":{"line":137,"column":55}},"57":{"start":{"line":138,"column":4},"end":{"line":138,"column":34}},"58":{"start":{"line":142,"column":29},"end":{"line":142,"column":78}},"59":{"start":{"line":143,"column":30},"end":{"line":144,"column":null}},"60":{"start":{"line":147,"column":4},"end":{"line":147,"column":42}},"61":{"start":{"line":147,"column":35},"end":{"line":147,"column":42}},"62":{"start":{"line":148,"column":4},"end":{"line":148,"column":65}},"63":{"start":{"line":148,"column":58},"end":{"line":148,"column":65}},"64":{"start":{"line":150,"column":4},"end":{"line":161,"column":7}},"65":{"start":{"line":162,"column":4},"end":{"line":173,"column":7}},"66":{"start":{"line":175,"column":28},"end":{"line":175,"column":44}},"67":{"start":{"line":176,"column":4},"end":{"line":176,"column":39}},"68":{"start":{"line":177,"column":4},"end":{"line":177,"column":38}},"69":{"start":{"line":179,"column":43},"end":{"line":180,"column":null}},"70":{"start":{"line":183,"column":4},"end":{"line":192,"column":null}},"71":{"start":{"line":183,"column":21},"end":{"line":183,"column":22}},"72":{"start":{"line":184,"column":19},"end":{"line":184,"column":46}},"73":{"start":{"line":186,"column":6},"end":{"line":188,"column":null}},"74":{"start":{"line":187,"column":8},"end":{"line":187,"column":58}},"75":{"start":{"line":189,"column":6},"end":{"line":191,"column":null}},"76":{"start":{"line":190,"column":8},"end":{"line":190,"column":57}},"77":{"start":{"line":194,"column":4},"end":{"line":194,"column":38}},"78":{"start":{"line":198,"column":4},"end":{"line":209,"column":7}},"79":{"start":{"line":211,"column":43},"end":{"line":212,"column":null}},"80":{"start":{"line":214,"column":4},"end":{"line":214,"column":32}},"81":{"start":{"line":214,"column":25},"end":{"line":214,"column":32}},"82":{"start":{"line":216,"column":24},"end":{"line":217,"column":null}},"83":{"start":{"line":217,"column":16},"end":{"line":217,"column":38}},"84":{"start":{"line":219,"column":4},"end":{"line":219,"column":35}},"85":{"start":{"line":219,"column":28},"end":{"line":219,"column":35}},"86":{"start":{"line":221,"column":4},"end":{"line":221,"column":48}},"87":{"start":{"line":223,"column":4},"end":{"line":223,"column":38}},"88":{"start":{"line":226,"column":2},"end":{"line":233,"column":4}},"89":{"start":{"line":13,"column":13},"end":{"line":13,"column":28}}},"fnMap":{"0":{"name":"(anonymous_0)","decl":{"start":{"line":13,"column":28},"end":{"line":13,"column":31}},"loc":{"start":{"line":13,"column":33},"end":{"line":234,"column":1}}},"1":{"name":"findTask","decl":{"start":{"line":18,"column":11},"end":{"line":18,"column":19}},"loc":{"start":{"line":18,"column":34},"end":{"line":28,"column":3}}},"2":{"name":"(anonymous_2)","decl":{"start":{"line":20,"column":22},"end":{"line":20,"column":23}},"loc":{"start":{"line":20,"column":31},"end":{"line":26,"column":5}}},"3":{"name":"(anonymous_3)","decl":{"start":{"line":21,"column":25},"end":{"line":21,"column":26}},"loc":{"start":{"line":21,"column":34},"end":{"line":25,"column":7}}},"4":{"name":"deleteTask","decl":{"start":{"line":30,"column":17},"end":{"line":30,"column":27}},"loc":{"start":{"line":30,"column":42},"end":{"line":52,"column":3}}},"5":{"name":"(anonymous_5)","decl":{"start":{"line":44,"column":8},"end":{"line":44,"column":9}},"loc":{"start":{"line":44,"column":18},"end":{"line":44,"column":36}}},"6":{"name":"createTask","decl":{"start":{"line":54,"column":17},"end":{"line":54,"column":27}},"loc":{"start":{"line":58,"column":17},"end":{"line":89,"column":3}}},"7":{"name":"moveTaskToOtherList","decl":{"start":{"line":91,"column":17},"end":{"line":91,"column":36}},"loc":{"start":{"line":91,"column":73},"end":{"line":139,"column":3}}},"8":{"name":"(anonymous_8)","decl":{"start":{"line":114,"column":45},"end":{"line":114,"column":46}},"loc":{"start":{"line":114,"column":54},"end":{"line":116,"column":7}}},"9":{"name":"changeTaskOrder","decl":{"start":{"line":141,"column":17},"end":{"line":141,"column":32}},"loc":{"start":{"line":141,"column":74},"end":{"line":195,"column":3}}},"10":{"name":"editTaskData","decl":{"start":{"line":197,"column":17},"end":{"line":197,"column":29}},"loc":{"start":{"line":197,"column":44},"end":{"line":224,"column":3}}},"11":{"name":"(anonymous_11)","decl":{"start":{"line":217,"column":6},"end":{"line":217,"column":7}},"loc":{"start":{"line":217,"column":16},"end":{"line":217,"column":38}}}},"branchMap":{"0":{"loc":{"start":{"line":22,"column":8},"end":{"line":24,"column":null}},"type":"if","locations":[{"start":{"line":22,"column":8},"end":{"line":24,"column":null}}]},"1":{"loc":{"start":{"line":46,"column":6},"end":{"line":48,"column":null}},"type":"if","locations":[{"start":{"line":46,"column":6},"end":{"line":48,"column":null}}]},"2":{"loc":{"start":{"line":61,"column":4},"end":{"line":61,"column":35}},"type":"if","locations":[{"start":{"line":61,"column":4},"end":{"line":61,"column":35}}]},"3":{"loc":{"start":{"line":83,"column":6},"end":{"line":85,"column":null}},"type":"if","locations":[{"start":{"line":83,"column":6},"end":{"line":85,"column":null}}]},"4":{"loc":{"start":{"line":110,"column":4},"end":{"line":110,"column":32}},"type":"if","locations":[{"start":{"line":110,"column":4},"end":{"line":110,"column":32}}]},"5":{"loc":{"start":{"line":123,"column":4},"end":{"line":123,"column":28}},"type":"if","locations":[{"start":{"line":123,"column":4},"end":{"line":123,"column":28}}]},"6":{"loc":{"start":{"line":132,"column":6},"end":{"line":134,"column":null}},"type":"if","locations":[{"start":{"line":132,"column":6},"end":{"line":134,"column":null}}]},"7":{"loc":{"start":{"line":147,"column":4},"end":{"line":147,"column":42}},"type":"if","locations":[{"start":{"line":147,"column":4},"end":{"line":147,"column":42}}]},"8":{"loc":{"start":{"line":147,"column":8},"end":{"line":147,"column":33}},"type":"binary-expr","locations":[{"start":{"line":147,"column":8},"end":{"line":147,"column":18}},{"start":{"line":147,"column":22},"end":{"line":147,"column":33}}]},"9":{"loc":{"start":{"line":148,"column":4},"end":{"line":148,"column":65}},"type":"if","locations":[{"start":{"line":148,"column":4},"end":{"line":148,"column":65}}]},"10":{"loc":{"start":{"line":186,"column":6},"end":{"line":188,"column":null}},"type":"if","locations":[{"start":{"line":186,"column":6},"end":{"line":188,"column":null}}]},"11":{"loc":{"start":{"line":189,"column":6},"end":{"line":191,"column":null}},"type":"if","locations":[{"start":{"line":189,"column":6},"end":{"line":191,"column":null}}]},"12":{"loc":{"start":{"line":214,"column":4},"end":{"line":214,"column":32}},"type":"if","locations":[{"start":{"line":214,"column":4},"end":{"line":214,"column":32}}]},"13":{"loc":{"start":{"line":219,"column":4},"end":{"line":219,"column":35}},"type":"if","locations":[{"start":{"line":219,"column":4},"end":{"line":219,"column":35}}]}},"s":{"0":8,"1":8,"2":8,"3":8,"4":8,"5":8,"6":55,"7":55,"8":1,"9":1,"10":2,"11":1,"12":1,"13":1,"14":1,"15":1,"16":1,"17":1,"18":1,"19":1,"20":1,"21":1,"22":1,"23":1,"24":0,"25":0,"26":0,"27":0,"28":0,"29":0,"30":0,"31":0,"32":0,"33":0,"34":0,"35":0,"36":1,"37":1,"38":1,"39":1,"40":0,"41":1,"42":1,"43":2,"44":2,"45":1,"46":1,"47":1,"48":0,"49":1,"50":1,"51":1,"52":1,"53":2,"54":2,"55":1,"56":1,"57":1,"58":0,"59":0,"60":0,"61":0,"62":0,"63":0,"64":0,"65":0,"66":0,"67":0,"68":0,"69":0,"70":0,"71":0,"72":0,"73":0,"74":0,"75":0,"76":0,"77":0,"78":1,"79":1,"80":1,"81":0,"82":1,"83":1,"84":1,"85":0,"86":1,"87":1,"88":55,"89":8},"f":{"0":55,"1":1,"2":2,"3":1,"4":1,"5":1,"6":0,"7":1,"8":1,"9":0,"10":1,"11":1},"b":{"0":[1],"1":[1],"2":[0],"3":[0],"4":[0],"5":[0],"6":[1],"7":[0],"8":[0,0],"9":[0],"10":[0],"11":[0],"12":[0],"13":[0]}}
,"/Users/luisroberto/Documents/ENROUTE/Proyectos/task-manager-app-front/src/pages/BoardSelectPage.tsx": {"path":"/Users/luisroberto/Documents/ENROUTE/Proyectos/task-manager-app-front/src/pages/BoardSelectPage.tsx","statementMap":{"0":{"start":{"line":1,"column":0},"end":{"line":1,"column":51}},"1":{"start":{"line":2,"column":0},"end":{"line":2,"column":106}},"2":{"start":{"line":3,"column":0},"end":{"line":3,"column":76}},"3":{"start":{"line":4,"column":0},"end":{"line":4,"column":55}},"4":{"start":{"line":5,"column":0},"end":{"line":5,"column":53}},"5":{"start":{"line":6,"column":0},"end":{"line":6,"column":72}},"6":{"start":{"line":7,"column":0},"end":{"line":7,"column":43}},"7":{"start":{"line":9,"column":31},"end":{"line":53,"column":1}},"8":{"start":{"line":10,"column":30},"end":{"line":10,"column":75}},"9":{"start":{"line":11,"column":30},"end":{"line":11,"column":45}},"10":{"start":{"line":12,"column":19},"end":{"line":12,"column":33}},"11":{"start":{"line":13,"column":27},"end":{"line":13,"column":66}},"12":{"start":{"line":16,"column":4},"end":{"line":16,"column":38}},"13":{"start":{"line":20,"column":4},"end":{"line":27,"column":null}},"14":{"start":{"line":21,"column":6},"end":{"line":24,"column":null}},"15":{"start":{"line":22,"column":28},"end":{"line":22,"column":67}},"16":{"start":{"line":23,"column":8},"end":{"line":23,"column":31}},"17":{"start":{"line":26,"column":6},"end":{"line":26,"column":45}},"18":{"start":{"line":30,"column":2},"end":{"line":32,"column":13}},"19":{"start":{"line":31,"column":4},"end":{"line":31,"column":24}},"20":{"start":{"line":34,"column":2},"end":{"line":52,"column":4}},"21":{"start":{"line":40,"column":12},"end":{"line":47,"column":14}},"22":{"start":{"line":9,"column":13},"end":{"line":9,"column":31}}},"fnMap":{"0":{"name":"(anonymous_0)","decl":{"start":{"line":9,"column":31},"end":{"line":9,"column":34}},"loc":{"start":{"line":9,"column":36},"end":{"line":53,"column":1}}},"1":{"name":"handleCardButtonClick","decl":{"start":{"line":15,"column":11},"end":{"line":15,"column":32}},"loc":{"start":{"line":15,"column":48},"end":{"line":17,"column":3}}},"2":{"name":"getBoardsToSelect","decl":{"start":{"line":19,"column":17},"end":{"line":19,"column":34}},"loc":{"start":{"line":19,"column":34},"end":{"line":28,"column":3}}},"3":{"name":"(anonymous_3)","decl":{"start":{"line":30,"column":12},"end":{"line":30,"column":15}},"loc":{"start":{"line":30,"column":17},"end":{"line":32,"column":3}}},"4":{"name":"(anonymous_4)","decl":{"start":{"line":39,"column":22},"end":{"line":39,"column":23}},"loc":{"start":{"line":39,"column":28},"end":{"line":48,"column":11}}}},"branchMap":{"0":{"loc":{"start":{"line":21,"column":6},"end":{"line":24,"column":null}},"type":"if","locations":[{"start":{"line":21,"column":6},"end":{"line":24,"column":null}}]}},"s":{"0":1,"1":1,"2":1,"3":1,"4":1,"5":1,"6":1,"7":1,"8":4,"9":4,"10":4,"11":4,"12":0,"13":2,"14":2,"15":2,"16":2,"17":0,"18":4,"19":2,"20":4,"21":6,"22":1},"f":{"0":4,"1":0,"2":2,"3":2,"4":6},"b":{"0":[2]}}
,"/Users/luisroberto/Documents/ENROUTE/Proyectos/task-manager-app-front/src/queries/boardQueries.ts": {"path":"/Users/luisroberto/Documents/ENROUTE/Proyectos/task-manager-app-front/src/queries/boardQueries.ts","statementMap":{"0":{"start":{"line":1,"column":0},"end":{"line":1,"column":37}},"1":{"start":{"line":3,"column":13},"end":{"line":11,"column":2}},"2":{"start":{"line":13,"column":13},"end":{"line":21,"column":2}},"3":{"start":{"line":23,"column":13},"end":{"line":30,"column":2}}},"fnMap":{},"branchMap":{},"s":{"0":8,"1":8,"2":8,"3":8},"f":{},"b":{}}
,"/Users/luisroberto/Documents/ENROUTE/Proyectos/task-manager-app-front/src/queries/taskListsQueries.ts": {"path":"/Users/luisroberto/Documents/ENROUTE/Proyectos/task-manager-app-front/src/queries/taskListsQueries.ts","statementMap":{"0":{"start":{"line":1,"column":0},"end":{"line":1,"column":37}},"1":{"start":{"line":3,"column":13},"end":{"line":36,"column":2}},"2":{"start":{"line":38,"column":13},"end":{"line":61,"column":2}},"3":{"start":{"line":63,"column":13},"end":{"line":69,"column":2}},"4":{"start":{"line":71,"column":13},"end":{"line":85,"column":2}}},"fnMap":{},"branchMap":{},"s":{"0":7,"1":7,"2":7,"3":7,"4":7},"f":{},"b":{}}
,"/Users/luisroberto/Documents/ENROUTE/Proyectos/task-manager-app-front/src/queries/taskQueries.ts": {"path":"/Users/luisroberto/Documents/ENROUTE/Proyectos/task-manager-app-front/src/queries/taskQueries.ts","statementMap":{"0":{"start":{"line":1,"column":0},"end":{"line":1,"column":37}},"1":{"start":{"line":3,"column":13},"end":{"line":30,"column":2}},"2":{"start":{"line":32,"column":13},"end":{"line":65,"column":2}},"3":{"start":{"line":67,"column":13},"end":{"line":73,"column":2}}},"fnMap":{},"branchMap":{},"s":{"0":8,"1":8,"2":8,"3":8},"f":{},"b":{}}
,"/Users/luisroberto/Documents/ENROUTE/Proyectos/task-manager-app-front/src/utils/dragAndDropTypes.ts": {"path":"/Users/luisroberto/Documents/ENROUTE/Proyectos/task-manager-app-front/src/utils/dragAndDropTypes.ts","statementMap":{"0":{"start":{"line":1,"column":13},"end":{"line":4,"column":2}}},"fnMap":{},"branchMap":{},"s":{"0":9},"f":{},"b":{}}
,"/Users/luisroberto/Documents/ENROUTE/Proyectos/task-manager-app-front/src/utils/utils.ts": {"path":"/Users/luisroberto/Documents/ENROUTE/Proyectos/task-manager-app-front/src/utils/utils.ts","statementMap":{"0":{"start":{"line":2,"column":2},"end":{"line":2,"column":59}},"1":{"start":{"line":1,"column":0},"end":{"line":1,"column":16}}},"fnMap":{"0":{"name":"randomInteger","decl":{"start":{"line":1,"column":16},"end":{"line":1,"column":29}},"loc":{"start":{"line":1,"column":54},"end":{"line":3,"column":1}}}},"branchMap":{},"s":{"0":7,"1":1},"f":{"0":7},"b":{}}
}
