TN:
SF:src/appState/boardMenuState.ts
FNF:0
FNH:0
DA:1,1
DA:3,1
LF:2
LH:2
BRF:0
BRH:0
end_of_record
TN:
SF:src/appState/boardState.ts
FNF:0
FNH:0
DA:1,8
DA:4,8
LF:2
LH:2
BRF:0
BRH:0
end_of_record
TN:
SF:src/appState/modalsState.ts
FNF:0
FNH:0
DA:1,10
DA:17,10
LF:2
LH:2
BRF:0
BRH:0
end_of_record
TN:
SF:src/appState/selectedBoardIdState.ts
FNF:0
FNH:0
DA:1,1
DA:7,1
LF:2
LH:2
BRF:0
BRH:0
end_of_record
TN:
SF:src/appState/taskListState.ts
FNF:0
FNH:0
DA:1,9
DA:4,9
LF:2
LH:2
BRF:0
BRH:0
end_of_record
TN:
SF:src/components/boardPage/BoardHeader/BoardHeader.tsx
FN:14,(anonymous_0)
FN:21,handleBoardOptionBtnClick
FNF:2
FNH:1
FNDA:1,(anonymous_0)
FNDA:0,handleBoardOptionBtnClick
DA:2,1
DA:3,1
DA:4,1
DA:5,1
DA:6,1
DA:14,1
DA:19,1
DA:22,0
DA:25,1
DA:60,1
LF:10
LH:9
BRF:0
BRH:0
end_of_record
TN:
SF:src/components/boardPage/BoardHeader/BoardHeaderMenuBtn.tsx
FN:6,(anonymous_0)
FN:10,handleClick
FNF:2
FNH:1
FNDA:1,(anonymous_0)
FNDA:0,handleClick
DA:2,1
DA:3,1
DA:4,1
DA:6,1
DA:7,1
DA:8,1
DA:11,0
DA:14,1
LF:8
LH:7
BRF:0
BRH:0
end_of_record
TN:
SF:src/components/boardPage/BoardHeader/BoardVisibilityOption.tsx
FN:9,(anonymous_0)
FN:21,handleClick
FNF:2
FNH:2
FNDA:5,(anonymous_0)
FNDA:2,handleClick
DA:2,2
DA:3,2
DA:9,2
DA:12,5
DA:13,5
DA:14,5
DA:15,5
DA:22,2
DA:25,5
LF:9
LH:9
BRDA:13,0,0,3
BRDA:13,0,1,2
BRDA:15,1,0,3
BRDA:15,1,1,2
BRF:4
BRH:4
end_of_record
TN:
SF:src/components/boardPage/CreateTaskListModal/CreateTaskListModal.tsx
FN:14,(anonymous_0)
FN:25,handleModalClose
FN:29,handleCreateSubmition
FN:39,handleInputChange
FN:71,(anonymous_4)
FN:84,(anonymous_5)
FN:97,(anonymous_6)
FNF:7
FNH:4
FNDA:7,(anonymous_0)
FNDA:0,handleModalClose
FNDA:1,handleCreateSubmition
FNDA:1,handleInputChange
FNDA:1,(anonymous_4)
FNDA:0,(anonymous_5)
FNDA:0,(anonymous_6)
DA:1,1
DA:2,1
DA:3,1
DA:4,1
DA:5,1
DA:6,1
DA:14,1
DA:15,7
DA:20,7
DA:23,7
DA:26,0
DA:30,1
DA:31,1
DA:32,1
DA:33,1
DA:35,0
DA:40,1
DA:43,7
DA:72,1
DA:85,0
DA:98,0
LF:21
LH:17
BRF:0
BRH:0
end_of_record
TN:
SF:src/components/boardPage/CreateTaskModal/CreateTaskModal.tsx
FN:16,(anonymous_0)
FN:27,resetFormData
FN:36,handleModalClose
FN:40,handleInputChange
FN:44,handleCreateSubmition
FN:60,(anonymous_5)
FN:92,(anonymous_6)
FN:106,(anonymous_7)
FN:110,(anonymous_8)
FN:127,(anonymous_9)
FN:142,(anonymous_10)
FNF:11
FNH:7
FNDA:13,(anonymous_0)
FNDA:1,resetFormData
FNDA:0,handleModalClose
FNDA:1,handleInputChange
FNDA:1,handleCreateSubmition
FNDA:5,(anonymous_5)
FNDA:1,(anonymous_6)
FNDA:0,(anonymous_7)
FNDA:11,(anonymous_8)
FNDA:0,(anonymous_9)
FNDA:0,(anonymous_10)
DA:1,1
DA:2,1
DA:3,1
DA:4,1
DA:5,1
DA:6,1
DA:7,1
DA:16,1
DA:17,13
DA:18,13
DA:19,13
DA:20,13
DA:28,1
DA:37,0
DA:41,1
DA:45,1
DA:46,1
DA:47,1
DA:53,1
DA:54,1
DA:56,0
DA:60,13
DA:61,5
DA:62,3
DA:66,13
DA:93,1
DA:107,0
DA:111,11
DA:128,0
DA:143,0
LF:30
LH:25
BRDA:61,0,0,3
BRF:1
BRH:1
end_of_record
TN:
SF:src/components/boardPage/TaskCard.tsx/TaskCard.tsx
FN:10,(anonymous_0)
FN:24,(anonymous_1)
FN:27,(anonymous_2)
FN:30,(anonymous_3)
FN:48,(anonymous_4)
FN:50,(anonymous_5)
FN:53,(anonymous_6)
FN:61,handleTaskClick
FNF:8
FNH:2
FNDA:25,(anonymous_0)
FNDA:0,(anonymous_1)
FNDA:0,(anonymous_2)
FNDA:0,(anonymous_3)
FNDA:0,(anonymous_4)
FNDA:0,(anonymous_5)
FNDA:0,(anonymous_6)
FNDA:6,handleTaskClick
DA:2,9
DA:4,9
DA:5,9
DA:6,9
DA:7,9
DA:8,9
DA:10,9
DA:21,25
DA:22,25
DA:23,25
DA:24,0
DA:27,0
DA:31,0
DA:32,0
DA:33,0
DA:34,0
DA:35,0
DA:36,0
DA:37,0
DA:41,0
DA:47,25
DA:48,0
DA:51,0
DA:53,0
DA:62,6
DA:75,25
LF:26
LH:13
BRDA:28,0,0,0
BRDA:28,0,1,0
BRDA:33,1,0,0
BRDA:33,2,0,0
BRDA:33,2,1,0
BRDA:34,3,0,0
BRDA:34,3,1,0
BRDA:36,4,0,0
BRF:8
BRH:0
end_of_record
TN:
SF:src/components/boardPage/TaskCardStatus/TaskCardStatus.tsx
FN:7,(anonymous_0)
FNF:1
FNH:1
FNDA:42,(anonymous_0)
DA:7,9
DA:8,42
DA:9,42
DA:10,42
LF:4
LH:4
BRDA:8,0,0,8
BRDA:8,0,1,34
BRDA:9,1,0,8
BRDA:9,1,1,34
BRF:4
BRH:4
end_of_record
TN:
SF:src/components/boardPage/TaskList/EmptyTaskListCard.tsx
FN:4,(anonymous_0)
FNF:1
FNH:1
FNDA:30,(anonymous_0)
DA:2,8
DA:4,8
DA:5,30
LF:3
LH:3
BRF:0
BRH:0
end_of_record
TN:
SF:src/components/boardPage/TaskList/TaskDraggableIcon.tsx
FN:12,(anonymous_0)
FN:15,(anonymous_1)
FN:18,(anonymous_2)
FN:21,(anonymous_3)
FNF:4
FNH:1
FNDA:48,(anonymous_0)
FNDA:0,(anonymous_1)
FNDA:0,(anonymous_2)
FNDA:0,(anonymous_3)
DA:2,8
DA:3,8
DA:4,8
DA:5,8
DA:6,8
DA:12,8
DA:13,48
DA:14,48
DA:15,0
DA:18,0
DA:22,0
DA:23,0
DA:24,0
DA:25,0
DA:28,0
DA:35,48
LF:16
LH:9
BRDA:19,0,0,0
BRDA:19,0,1,0
BRDA:24,1,0,0
BRDA:24,2,0,0
BRDA:24,2,1,0
BRF:5
BRH:0
end_of_record
TN:
SF:src/components/boardPage/TaskList/TaskList.tsx
FN:15,(anonymous_0)
FN:21,(anonymous_1)
FN:23,(anonymous_2)
FN:26,(anonymous_3)
FN:44,(anonymous_4)
FN:68,(anonymous_5)
FNF:6
FNH:3
FNDA:48,(anonymous_0)
FNDA:0,(anonymous_1)
FNDA:0,(anonymous_2)
FNDA:0,(anonymous_3)
FNDA:4,(anonymous_4)
FNDA:22,(anonymous_5)
DA:2,8
DA:4,8
DA:5,8
DA:6,8
DA:7,8
DA:8,8
DA:15,8
DA:16,48
DA:17,48
DA:21,48
DA:24,0
DA:26,0
DA:32,48
DA:33,0
DA:34,48
DA:35,0
DA:38,48
DA:45,4
DA:69,22
LF:19
LH:15
BRDA:32,0,0,0
BRDA:32,0,1,48
BRDA:32,1,0,48
BRDA:32,1,1,0
BRDA:34,2,0,0
BRDA:66,3,0,48
BRDA:66,3,1,30
BRDA:67,4,0,48
BRDA:67,4,1,18
BRF:9
BRH:6
end_of_record
TN:
SF:src/components/boardPage/TaskListContainer/TaskListContainer.tsx
FN:10,(anonymous_0)
FN:17,handleTaskListClick
FN:30,(anonymous_2)
FNF:3
FNH:3
FNDA:48,(anonymous_0)
FNDA:4,handleTaskListClick
FNDA:44,(anonymous_2)
DA:1,7
DA:2,7
DA:3,7
DA:4,7
DA:5,7
DA:6,7
DA:8,7
DA:10,7
DA:11,48
DA:12,48
DA:13,48
DA:18,4
DA:19,4
DA:22,48
DA:31,44
LF:15
LH:15
BRF:0
BRH:0
end_of_record
TN:
SF:src/components/boardPage/TaskListModal/TaskListModal.tsx
FN:18,(anonymous_0)
FN:28,handleOnCloseModal
FN:32,handleDeleteBtnClick
FN:43,handleFormSubmit
FN:65,handleInputChange
FN:69,(anonymous_5)
FN:109,(anonymous_6)
FN:123,(anonymous_7)
FN:137,(anonymous_8)
FNF:9
FNH:8
FNDA:55,(anonymous_0)
FNDA:0,handleOnCloseModal
FNDA:1,handleDeleteBtnClick
FNDA:1,handleFormSubmit
FNDA:3,handleInputChange
FNDA:16,(anonymous_5)
FNDA:1,(anonymous_6)
FNDA:1,(anonymous_7)
FNDA:1,(anonymous_8)
DA:1,7
DA:2,7
DA:3,7
DA:5,7
DA:6,7
DA:18,7
DA:19,55
DA:24,55
DA:26,55
DA:29,0
DA:33,1
DA:34,1
DA:35,1
DA:36,1
DA:39,0
DA:44,1
DA:45,1
DA:46,1
DA:48,1
DA:50,1
DA:52,1
DA:54,1
DA:55,1
DA:56,1
DA:58,1
DA:59,1
DA:61,0
DA:66,3
DA:69,55
DA:70,16
DA:71,4
DA:79,55
DA:81,11
DA:110,1
DA:124,1
DA:138,1
LF:36
LH:33
BRDA:34,0,0,1
BRDA:46,1,0,0
BRDA:50,2,0,0
BRDA:70,3,0,4
BRDA:79,4,0,44
BRDA:79,5,0,55
BRDA:79,5,1,11
BRF:7
BRH:5
end_of_record
TN:
SF:src/components/boardPage/TaskListModal/TaskListModalData.tsx
FN:9,(anonymous_0)
FNF:1
FNH:1
FNDA:11,(anonymous_0)
DA:9,7
DA:14,11
LF:2
LH:2
BRF:0
BRH:0
end_of_record
TN:
SF:src/components/boardPage/TaskModal/ChangeTaskListForm.tsx
FN:11,(anonymous_0)
FN:32,(anonymous_1)
FNF:2
FNH:2
FNDA:17,(anonymous_0)
FNDA:30,(anonymous_1)
DA:11,2
DA:17,17
DA:33,30
LF:3
LH:3
BRF:0
BRH:0
end_of_record
TN:
SF:src/components/boardPage/TaskModal/TaskModal.tsx
FN:19,(anonymous_0)
FN:31,handleModalClose
FN:36,handleDeleteBtnClick
FN:47,handleTaskListChange
FN:51,handleChangeListFormSubmition
FN:65,handleInputChange
FN:69,resetFormData
FN:77,handleEditFormSubmit
FN:93,(anonymous_8)
FN:146,(anonymous_9)
FN:161,(anonymous_10)
FN:176,(anonymous_11)
FNF:12
FNH:11
FNDA:32,(anonymous_0)
FNDA:0,handleModalClose
FNDA:1,handleDeleteBtnClick
FNDA:1,handleTaskListChange
FNDA:1,handleChangeListFormSubmition
FNDA:3,handleInputChange
FNDA:3,resetFormData
FNDA:1,handleEditFormSubmit
FNDA:13,(anonymous_8)
FNDA:1,(anonymous_9)
FNDA:1,(anonymous_10)
FNDA:1,(anonymous_11)
DA:1,2
DA:2,2
DA:3,2
DA:4,2
DA:5,2
DA:6,2
DA:7,2
DA:8,2
DA:9,2
DA:10,2
DA:19,2
DA:20,32
DA:21,32
DA:22,32
DA:23,32
DA:24,32
DA:25,32
DA:32,0
DA:33,0
DA:37,1
DA:38,1
DA:39,1
DA:40,1
DA:41,1
DA:43,0
DA:48,1
DA:52,1
DA:53,1
DA:54,1
DA:55,1
DA:56,1
DA:57,1
DA:60,0
DA:62,1
DA:66,3
DA:70,3
DA:78,1
DA:79,1
DA:80,1
DA:81,1
DA:82,1
DA:83,1
DA:84,1
DA:85,1
DA:86,1
DA:88,0
DA:90,1
DA:93,32
DA:94,13
DA:95,9
DA:96,9
DA:104,32
DA:106,24
DA:147,1
DA:162,1
DA:177,1
LF:56
LH:51
BRDA:38,0,0,0
BRDA:54,1,0,1
BRDA:94,2,0,9
BRDA:104,3,0,8
BRF:4
BRH:3
end_of_record
TN:
SF:src/components/boardPage/TaskModal/TaskModalData.tsx
FN:9,(anonymous_0)
FNF:1
FNH:1
FNDA:17,(anonymous_0)
DA:2,2
DA:9,2
DA:10,17
DA:12,17
LF:4
LH:4
BRF:0
BRH:0
end_of_record
TN:
SF:src/components/common/Modal/Modal.tsx
FN:11,(anonymous_0)
FN:12,(anonymous_1)
FN:16,handleBackgroundClick
FNF:3
FNH:2
FNDA:55,(anonymous_0)
FNDA:0,(anonymous_1)
FNDA:7,handleBackgroundClick
DA:2,7
DA:3,7
DA:11,7
DA:12,55
DA:13,0
DA:17,7
DA:18,0
DA:22,55
DA:23,15
DA:26,40
LF:10
LH:8
BRDA:17,0,0,0
BRDA:22,1,0,15
BRF:2
BRH:1
end_of_record
TN:
SF:src/components/selectionPage/boardCard/BoardCard.tsx
FN:9,(anonymous_0)
FN:14,handleButtonClick
FNF:2
FNH:1
FNDA:7,(anonymous_0)
FNDA:0,handleButtonClick
DA:9,2
DA:15,0
DA:18,7
LF:3
LH:2
BRF:0
BRH:0
end_of_record
TN:
SF:src/components/selectionPage/selectionPageHeader/SelectionPageHeader.tsx
FN:4,(anonymous_0)
FNF:1
FNH:1
FNDA:4,(anonymous_0)
DA:2,1
DA:4,1
DA:5,4
LF:3
LH:3
BRF:0
BRH:0
end_of_record
TN:
SF:src/components/wrappers/ApolloConfig.tsx
FN:19,(anonymous_0)
FNF:1
FNH:0
FNDA:0,(anonymous_0)
DA:2,4
DA:3,4
DA:10,4
DA:19,4
DA:20,0
LF:5
LH:4
BRF:0
BRH:0
end_of_record
TN:
SF:src/hooks/useBoardState.ts
FN:11,(anonymous_0)
FN:14,fetchBoard
FN:23,changeBoardVisibility
FN:29,changeBoardData
FN:37,updateBoard
FN:52,fetchUserBoards
FNF:6
FNH:1
FNDA:219,(anonymous_0)
FNDA:0,fetchBoard
FNDA:0,changeBoardVisibility
FNDA:0,changeBoardData
FNDA:0,updateBoard
FNDA:0,fetchUserBoards
DA:1,8
DA:2,8
DA:3,8
DA:4,8
DA:11,8
DA:12,219
DA:15,0
DA:20,0
DA:24,0
DA:25,0
DA:30,0
DA:42,0
DA:43,0
DA:48,0
DA:49,0
DA:53,0
DA:58,0
DA:61,219
LF:18
LH:7
BRDA:24,0,0,0
BRF:1
BRH:0
end_of_record
TN:
SF:src/hooks/useModalState.ts
FN:5,(anonymous_0)
FN:8,changeTaskListModalVisibility
FN:14,changeCreateTaskListModalVisibility
FN:20,changeCreateTaskModalVisibility
FN:26,changeEditBoardModalVisibility
FN:32,changeEditUserModalVisibility
FN:38,closeTaskDataModal
FN:46,openTaskDataModal
FNF:8
FNH:6
FNDA:221,(anonymous_0)
FNDA:6,changeTaskListModalVisibility
FNDA:3,changeCreateTaskListModalVisibility
FNDA:9,changeCreateTaskModalVisibility
FNDA:0,changeEditBoardModalVisibility
FNDA:0,changeEditUserModalVisibility
FNDA:3,closeTaskDataModal
FNDA:6,openTaskDataModal
DA:1,10
DA:2,10
DA:5,10
DA:6,221
DA:9,6
DA:10,6
DA:11,6
DA:15,3
DA:16,3
DA:17,3
DA:21,9
DA:22,9
DA:23,9
DA:27,0
DA:28,0
DA:29,0
DA:33,0
DA:34,0
DA:35,0
DA:39,3
DA:42,3
DA:43,3
DA:47,6
DA:50,6
DA:55,6
DA:58,221
LF:26
LH:20
BRF:0
BRH:0
end_of_record
TN:
SF:src/hooks/useTaskListState.ts
FN:13,(anonymous_0)
FN:18,fetchTaskLists
FN:30,setSingleTaskList
FN:31,(anonymous_3)
FN:50,getTasksOrdered
FN:52,(anonymous_5)
FN:53,(anonymous_6)
FN:62,orderTasks
FN:63,(anonymous_8)
FN:65,(anonymous_9)
FN:66,(anonymous_10)
FN:76,deleteTaskList
FN:82,(anonymous_12)
FN:88,findTaskList
FN:98,createTaskLists
FN:117,orderTaskListsByPriority
FN:118,(anonymous_16)
FN:120,(anonymous_17)
FN:126,exchangeListPosition
FNF:19
FNH:12
FNDA:218,(anonymous_0)
FNDA:0,fetchTaskLists
FNDA:2,setSingleTaskList
FNDA:2,(anonymous_3)
FNDA:3,getTasksOrdered
FNDA:5,(anonymous_5)
FNDA:0,(anonymous_6)
FNDA:0,orderTasks
FNDA:0,(anonymous_8)
FNDA:0,(anonymous_9)
FNDA:0,(anonymous_10)
FNDA:1,deleteTaskList
FNDA:1,(anonymous_12)
FNDA:3,findTaskList
FNDA:1,createTaskLists
FNDA:3,orderTaskListsByPriority
FNDA:3,(anonymous_16)
FNDA:1,(anonymous_17)
FNDA:0,exchangeListPosition
DA:1,7
DA:2,7
DA:4,7
DA:5,7
DA:6,7
DA:13,7
DA:14,218
DA:15,218
DA:19,0
DA:24,0
DA:25,0
DA:26,0
DA:31,2
DA:33,2
DA:35,2
DA:42,2
DA:43,2
DA:45,2
DA:46,2
DA:47,2
DA:51,3
DA:52,3
DA:53,5
DA:54,0
DA:56,5
DA:59,3
DA:63,0
DA:64,0
DA:65,0
DA:66,0
DA:67,0
DA:69,0
DA:72,0
DA:77,1
DA:82,1
DA:83,1
DA:85,1
DA:89,3
DA:90,4
DA:91,4
DA:92,3
DA:95,0
DA:99,1
DA:109,1
DA:113,1
DA:114,1
DA:118,3
DA:119,3
DA:120,3
DA:121,1
DA:127,0
DA:131,0
DA:132,0
DA:134,0
DA:136,0
DA:145,0
DA:155,0
DA:156,0
DA:157,0
DA:158,0
DA:160,0
DA:161,0
DA:165,0
DA:166,0
DA:169,218
LF:65
LH:38
BRDA:33,0,0,0
BRDA:91,1,0,3
BRDA:134,2,0,0
BRDA:134,3,0,0
BRDA:134,3,1,0
BRDA:157,4,0,0
BRDA:160,5,0,0
BRF:7
BRH:1
end_of_record
TN:
SF:src/hooks/useTaskState.ts
FN:13,(anonymous_0)
FN:18,findTask
FN:20,(anonymous_2)
FN:21,(anonymous_3)
FN:30,deleteTask
FN:44,(anonymous_5)
FN:54,createTask
FN:91,moveTaskToOtherList
FN:114,(anonymous_8)
FN:141,changeTaskOrder
FN:197,editTaskData
FN:217,(anonymous_11)
FNF:12
FNH:10
FNDA:55,(anonymous_0)
FNDA:1,findTask
FNDA:2,(anonymous_2)
FNDA:1,(anonymous_3)
FNDA:1,deleteTask
FNDA:1,(anonymous_5)
FNDA:0,createTask
FNDA:1,moveTaskToOtherList
FNDA:1,(anonymous_8)
FNDA:0,changeTaskOrder
FNDA:1,editTaskData
FNDA:1,(anonymous_11)
DA:1,8
DA:2,8
DA:5,8
DA:6,8
DA:11,8
DA:13,8
DA:14,55
DA:16,55
DA:19,1
DA:20,1
DA:21,2
DA:22,1
DA:23,1
DA:27,1
DA:31,1
DA:37,1
DA:41,1
DA:42,1
DA:43,1
DA:44,1
DA:46,1
DA:47,1
DA:51,1
DA:60,0
DA:61,0
DA:63,0
DA:73,0
DA:77,0
DA:81,0
DA:82,0
DA:83,0
DA:84,0
DA:88,0
DA:92,1
DA:105,1
DA:109,1
DA:110,1
DA:112,1
DA:113,2
DA:114,2
DA:115,1
DA:119,1
DA:123,1
DA:124,1
DA:125,1
DA:130,1
DA:131,2
DA:132,2
DA:133,1
DA:137,1
DA:138,1
DA:142,0
DA:143,0
DA:147,0
DA:148,0
DA:150,0
DA:162,0
DA:175,0
DA:176,0
DA:177,0
DA:179,0
DA:183,0
DA:184,0
DA:186,0
DA:187,0
DA:189,0
DA:190,0
DA:194,0
DA:198,1
DA:211,1
DA:214,1
DA:216,1
DA:217,1
DA:219,1
DA:221,1
DA:223,1
DA:226,55
LF:77
LH:50
BRDA:22,0,0,1
BRDA:46,1,0,1
BRDA:61,2,0,0
BRDA:83,3,0,0
BRDA:110,4,0,0
BRDA:123,5,0,0
BRDA:132,6,0,1
BRDA:147,7,0,0
BRDA:147,8,0,0
BRDA:147,8,1,0
BRDA:148,9,0,0
BRDA:186,10,0,0
BRDA:189,11,0,0
BRDA:214,12,0,0
BRDA:219,13,0,0
BRF:15
BRH:3
end_of_record
TN:
SF:src/pages/BoardSelectPage.tsx
FN:9,(anonymous_0)
FN:15,handleCardButtonClick
FN:19,getBoardsToSelect
FN:30,(anonymous_3)
FN:39,(anonymous_4)
FNF:5
FNH:4
FNDA:4,(anonymous_0)
FNDA:0,handleCardButtonClick
FNDA:2,getBoardsToSelect
FNDA:2,(anonymous_3)
FNDA:6,(anonymous_4)
DA:1,1
DA:2,1
DA:3,1
DA:4,1
DA:5,1
DA:6,1
DA:7,1
DA:9,1
DA:10,4
DA:11,4
DA:12,4
DA:13,4
DA:16,0
DA:20,2
DA:21,2
DA:22,2
DA:23,2
DA:26,0
DA:30,4
DA:31,2
DA:34,4
DA:40,6
LF:22
LH:20
BRDA:21,0,0,2
BRF:1
BRH:1
end_of_record
TN:
SF:src/queries/boardQueries.ts
FNF:0
FNH:0
DA:1,8
DA:3,8
DA:13,8
DA:23,8
LF:4
LH:4
BRF:0
BRH:0
end_of_record
TN:
SF:src/queries/taskListsQueries.ts
FNF:0
FNH:0
DA:1,7
DA:3,7
DA:38,7
DA:63,7
DA:71,7
LF:5
LH:5
BRF:0
BRH:0
end_of_record
TN:
SF:src/queries/taskQueries.ts
FNF:0
FNH:0
DA:1,8
DA:3,8
DA:32,8
DA:67,8
LF:4
LH:4
BRF:0
BRH:0
end_of_record
TN:
SF:src/utils/dragAndDropTypes.ts
FNF:0
FNH:0
DA:1,9
LF:1
LH:1
BRF:0
BRH:0
end_of_record
TN:
SF:src/utils/utils.ts
FN:1,randomInteger
FNF:1
FNH:1
FNDA:7,randomInteger
DA:1,1
DA:2,7
LF:2
LH:2
BRF:0
BRH:0
end_of_record
